Using pre-set license
Built from '2021.3/staging' branch; Version is '2021.3.9f1 (ad3870b89536) revision 11352176'; Using compiler version '192829333'; Build Type 'Release'
OS: 'Windows 10  (10.0.19044) 64bit Core' Language: 'zh' Physical Memory: 8043 MB
BatchMode: 1, IsHumanControllingUs: 0, StartBugReporterOnCrash: 0, Is64bit: 1, IsPro: 1

COMMAND LINE ARGUMENTS:
C:\Program Files\Unity\Hub\Editor\2021.3.9f1\Editor\Unity.exe
-adb2
-batchMode
-noUpm
-name
AssetImportWorker4
-projectPath
D:/Get-High-2/1116 presentation/Map
-logFile
Logs/AssetImportWorker4.log
-srvPort
6362
Successfully changed project path to: D:/Get-High-2/1116 presentation/Map
D:/Get-High-2/1116 presentation/Map
[UnityMemory] Configuration Parameters - Can be set up in boot.config
    "memorysetup-bucket-allocator-granularity=16"
    "memorysetup-bucket-allocator-bucket-count=8"
    "memorysetup-bucket-allocator-block-size=33554432"
    "memorysetup-bucket-allocator-block-count=8"
    "memorysetup-main-allocator-block-size=16777216"
    "memorysetup-thread-allocator-block-size=16777216"
    "memorysetup-gfx-main-allocator-block-size=16777216"
    "memorysetup-gfx-thread-allocator-block-size=16777216"
    "memorysetup-cache-allocator-block-size=4194304"
    "memorysetup-typetree-allocator-block-size=2097152"
    "memorysetup-profiler-bucket-allocator-granularity=16"
    "memorysetup-profiler-bucket-allocator-bucket-count=8"
    "memorysetup-profiler-bucket-allocator-block-size=33554432"
    "memorysetup-profiler-bucket-allocator-block-count=8"
    "memorysetup-profiler-allocator-block-size=16777216"
    "memorysetup-profiler-editor-allocator-block-size=1048576"
    "memorysetup-temp-allocator-size-main=16777216"
    "memorysetup-job-temp-allocator-block-size=2097152"
    "memorysetup-job-temp-allocator-block-size-background=1048576"
    "memorysetup-job-temp-allocator-reduction-small-platforms=262144"
    "memorysetup-temp-allocator-size-background-worker=32768"
    "memorysetup-temp-allocator-size-job-worker=262144"
    "memorysetup-temp-allocator-size-preload-manager=33554432"
    "memorysetup-temp-allocator-size-nav-mesh-worker=65536"
    "memorysetup-temp-allocator-size-audio-worker=65536"
    "memorysetup-temp-allocator-size-cloud-worker=32768"
    "memorysetup-temp-allocator-size-gi-baking-worker=262144"
    "memorysetup-temp-allocator-size-gfx=262144"
Refreshing native plugins compatible for Editor in 126.96 ms, found 3 plugins.
Preloading 0 native plugins for Editor in 0.00 ms.
Initialize engine version: 2021.3.9f1 (ad3870b89536)
[Subsystems] Discovering subsystems at path C:/Program Files/Unity/Hub/Editor/2021.3.9f1/Editor/Data/Resources/UnitySubsystems
[Subsystems] Discovering subsystems at path D:/Get-High-2/1116 presentation/Map/Assets
GfxDevice: creating device client; threaded=0; jobified=0
Direct3D:
    Version:  Direct3D 11.0 [level 11.1]
    Renderer: NVIDIA GeForce MX250 (ID=0x1d13)
    Vendor:   NVIDIA
    VRAM:     1983 MB
    Driver:   30.0.15.1169
Initialize mono
Mono path[0] = 'C:/Program Files/Unity/Hub/Editor/2021.3.9f1/Editor/Data/Managed'
Mono path[1] = 'C:/Program Files/Unity/Hub/Editor/2021.3.9f1/Editor/Data/MonoBleedingEdge/lib/mono/unityjit-win32'
Mono config path = 'C:/Program Files/Unity/Hub/Editor/2021.3.9f1/Editor/Data/MonoBleedingEdge/etc'
Using monoOptions --debugger-agent=transport=dt_socket,embedding=1,server=y,suspend=n,address=127.0.0.1:56540
Begin MonoManager ReloadAssembly
Registering precompiled unity dll's ...
Register platform support module: C:/Program Files/Unity/Hub/Editor/2021.3.9f1/Editor/Data/PlaybackEngines/WebGLSupport/UnityEditor.WebGL.Extensions.dll
Register platform support module: C:/Program Files/Unity/Hub/Editor/2021.3.9f1/Editor/Data/PlaybackEngines/WindowsStandaloneSupport/UnityEditor.WindowsStandalone.Extensions.dll
Registered in 0.013046 seconds.
Native extension for WindowsStandalone target not found
Native extension for WebGL target not found
Refreshing native plugins compatible for Editor in 102.27 ms, found 3 plugins.
Preloading 0 native plugins for Editor in 0.00 ms.
Mono: successfully reloaded assembly
- Completed reload, in  0.910 seconds
Domain Reload Profiling:
	ReloadAssembly (911ms)
		BeginReloadAssembly (122ms)
			ExecutionOrderSort (0ms)
			DisableScriptedObjects (0ms)
			BackupInstance (0ms)
			ReleaseScriptingObjects (0ms)
			CreateAndSetChildDomain (1ms)
		EndReloadAssembly (611ms)
			LoadAssemblies (118ms)
			RebuildTransferFunctionScriptingTraits (0ms)
			SetupTypeCache (168ms)
			ReleaseScriptCaches (0ms)
			RebuildScriptCaches (40ms)
			SetupLoadedEditorAssemblies (328ms)
				LogAssemblyErrors (0ms)
				InitializePlatformSupportModulesInManaged (15ms)
				SetLoadedEditorAssemblies (0ms)
				RefreshPlugins (102ms)
				BeforeProcessingInitializeOnLoad (1ms)
				ProcessInitializeOnLoadAttributes (146ms)
				ProcessInitializeOnLoadMethodAttributes (62ms)
				AfterProcessingInitializeOnLoad (0ms)
				EditorAssembliesLoaded (0ms)
			ExecutionOrderSort2 (0ms)
			AwakeInstancesAfterBackupRestoration (0ms)
Platform modules already initialized, skipping
Registering precompiled user dll's ...
Registered in 0.005531 seconds.
Begin MonoManager ReloadAssembly
Symbol file LoadedFromMemory doesn't match image D:\Get-High-2\1116 presentation\Map\Library\PackageCache\com.unity.visualscripting@1.7.8\Editor\VisualScripting.Core\Dependencies\YamlDotNet\Unity.VisualScripting.YamlDotNet.dll
Symbol file LoadedFromMemory doesn't match image D:\Get-High-2\1116 presentation\Map\Library\PackageCache\com.unity.visualscripting@1.7.8\Editor\VisualScripting.Core\Dependencies\DotNetZip\Unity.VisualScripting.IonicZip.dll
Native extension for WindowsStandalone target not found
Native extension for WebGL target not found
Refreshing native plugins compatible for Editor in 109.19 ms, found 3 plugins.
Preloading 0 native plugins for Editor in 0.00 ms.
Mono: successfully reloaded assembly
- Completed reload, in  8.697 seconds
Domain Reload Profiling:
	ReloadAssembly (8698ms)
		BeginReloadAssembly (163ms)
			ExecutionOrderSort (0ms)
			DisableScriptedObjects (8ms)
			BackupInstance (0ms)
			ReleaseScriptingObjects (0ms)
			CreateAndSetChildDomain (22ms)
		EndReloadAssembly (8186ms)
			LoadAssemblies (4502ms)
			RebuildTransferFunctionScriptingTraits (0ms)
			SetupTypeCache (936ms)
			ReleaseScriptCaches (1ms)
			RebuildScriptCaches (97ms)
			SetupLoadedEditorAssemblies (2616ms)
				LogAssemblyErrors (0ms)
				InitializePlatformSupportModulesInManaged (11ms)
				SetLoadedEditorAssemblies (1ms)
				RefreshPlugins (109ms)
				BeforeProcessingInitializeOnLoad (110ms)
				ProcessInitializeOnLoadAttributes (1145ms)
				ProcessInitializeOnLoadMethodAttributes (1225ms)
				AfterProcessingInitializeOnLoad (14ms)
				EditorAssembliesLoaded (0ms)
			ExecutionOrderSort2 (0ms)
			AwakeInstancesAfterBackupRestoration (9ms)
Platform modules already initialized, skipping
========================================================================
Worker process is ready to serve import requests
Launched and connected shader compiler UnityShaderCompiler.exe after 0.08 seconds
Refreshing native plugins compatible for Editor in 1.00 ms, found 3 plugins.
Preloading 0 native plugins for Editor in 0.00 ms.
Unloading 3913 Unused Serialized files (Serialized files now loaded: 0)
Unloading 43 unused Assets / (184.5 KB). Loaded Objects now: 4372.
Memory consumption went from 138.4 MB to 138.2 MB.
Total: 7.668100 ms (FindLiveObjects: 1.014100 ms CreateObjectMapping: 0.971700 ms MarkObjects: 5.367300 ms  DeleteObjects: 0.313400 ms)

AssetImportParameters requested are different than current active one (requested -> active):
  custom:video-decoder-ogg-theora: a1e56fd34408186e4bbccfd4996cb3dc -> 
  custom:container-muxer-webm: aa71ff27fc2769a1b78a27578f13a17b -> 
  custom:container-demuxer-webm: 4f35f7cbe854078d1ac9338744f61a02 -> 
  custom:video-encoder-webm-vp8: eb34c28f22e8b96e1ab97ce403110664 -> 
  custom:audio-encoder-webm-vorbis: bf7c407c2cedff20999df2af8eb42d56 -> 
  custom:framework-win-MediaFoundation: 216162199b28c13a410421893ffa2e32 -> 
  custom:container-demuxer-ogg: 62fdf1f143b41e24485cea50d1cbac27 -> 
  custom:video-decoder-webm-vp8: 9c59270c3fd7afecdb556c50c9e8de78 -> 
  custom:audio-decoder-ogg-vorbis: bf7c407c2cedff20999df2af8eb42d56 -> 
========================================================================
Received Import Request.
  Time since last request: 1066.739185 seconds.
  path: Assets/01_AssetStore/DoorPackFree/Prefab/Door S.prefab
  artifactKey: Guid(20c3b8e9544818743bb420bcb590a1fc) Importer(815301076,1909f56bfc062723c751e8b465ee728b)
Start importing Assets/01_AssetStore/DoorPackFree/Prefab/Door S.prefab using Guid(20c3b8e9544818743bb420bcb590a1fc) Importer(815301076,1909f56bfc062723c751e8b465ee728b)  -> (artifact id: '8ce9bcb5622246bd899ba2eca97e0614') in 0.331908 seconds 
========================================================================
Received Import Request.
  Time since last request: 617.802257 seconds.
  path: Assets/01_AssetStore/DoorPackFree/Prefab/Door S.prefab
  artifactKey: Guid(20c3b8e9544818743bb420bcb590a1fc) Importer(815301076,1909f56bfc062723c751e8b465ee728b)
Start importing Assets/01_AssetStore/DoorPackFree/Prefab/Door S.prefab using Guid(20c3b8e9544818743bb420bcb590a1fc) Importer(815301076,1909f56bfc062723c751e8b465ee728b)  -> (artifact id: 'a11d086ac3f534beabd7668011e91ddd') in 0.034868 seconds 
========================================================================
Received Import Request.
  Time since last request: 6.289486 seconds.
  path: Assets/01_AssetStore/DoorPackFree/Prefab/Door H 1.prefab
  artifactKey: Guid(879c46f7e8bafd949bac611bca1db7e4) Importer(815301076,1909f56bfc062723c751e8b465ee728b)
Start importing Assets/01_AssetStore/DoorPackFree/Prefab/Door H 1.prefab using Guid(879c46f7e8bafd949bac611bca1db7e4) Importer(815301076,1909f56bfc062723c751e8b465ee728b)  -> (artifact id: 'c118d205f31a1ff57d6d703ade3e5100') in 0.071818 seconds 
========================================================================
Received Import Request.
  Time since last request: 4.374751 seconds.
  path: Assets/01_AssetStore/DoorPackFree/Prefab/Door S.prefab
  artifactKey: Guid(879c46f7e8bafd949bac611bca1db7e4) Importer(815301076,1909f56bfc062723c751e8b465ee728b)
Start importing Assets/01_AssetStore/DoorPackFree/Prefab/Door S.prefab using Guid(879c46f7e8bafd949bac611bca1db7e4) Importer(815301076,1909f56bfc062723c751e8b465ee728b)  -> (artifact id: '23b815e180fd36c9f6dd89b146fa8355') in 0.102950 seconds 
========================================================================
Received Import Request.
  Time since last request: 3.820023 seconds.
  path: Assets/01_AssetStore/DoorPackFree/Prefab/DoorV1.prefab
  artifactKey: Guid(214b673e61a328f4b97a4c1f1bba63d3) Importer(815301076,1909f56bfc062723c751e8b465ee728b)
Start importing Assets/01_AssetStore/DoorPackFree/Prefab/DoorV1.prefab using Guid(214b673e61a328f4b97a4c1f1bba63d3) Importer(815301076,1909f56bfc062723c751e8b465ee728b)  -> (artifact id: '85cb3df997f3c77593929edc0e5e344e') in 0.091613 seconds 
========================================================================
Received Import Request.
  Time since last request: 277.550455 seconds.
  path: Assets/01_AssetStore/DoorPackFree/Prefab/Door O1.prefab
  artifactKey: Guid(ff1f98d4dea7a471ba32ef2fa92dbff5) Importer(815301076,1909f56bfc062723c751e8b465ee728b)
Start importing Assets/01_AssetStore/DoorPackFree/Prefab/Door O1.prefab using Guid(ff1f98d4dea7a471ba32ef2fa92dbff5) Importer(815301076,1909f56bfc062723c751e8b465ee728b)  -> (artifact id: '46dc85309bc7ffead51e6546873665ca') in 0.032064 seconds 
========================================================================
Received Import Request.
  Time since last request: 548.052476 seconds.
  path: Assets/01_AssetStore/DoorPackFree/Prefab
  artifactKey: Guid(8b421e942b4b4274cbb9a18cf17aa6c6) Importer(815301076,1909f56bfc062723c751e8b465ee728b)
Start importing Assets/01_AssetStore/DoorPackFree/Prefab using Guid(8b421e942b4b4274cbb9a18cf17aa6c6) Importer(815301076,1909f56bfc062723c751e8b465ee728b)  -> (artifact id: '8e4b34aad6446d87f989db9d5aba0d8d') in 0.027965 seconds 
========================================================================
Received Import Request.
  Time since last request: 1.741399 seconds.
  path: Assets/01_AssetStore/DoorPackFree/Prefab/Room.prefab
  artifactKey: Guid(a63f06cc0417b4c86aab997a771b72ec) Importer(815301076,1909f56bfc062723c751e8b465ee728b)
Start importing Assets/01_AssetStore/DoorPackFree/Prefab/Room.prefab using Guid(a63f06cc0417b4c86aab997a771b72ec) Importer(815301076,1909f56bfc062723c751e8b465ee728b)  -> (artifact id: '74dfedbd37f3c762105af12c7d350fcc') in 0.260981 seconds 
========================================================================
Received Import Request.
  Time since last request: 1870.515409 seconds.
  path: Assets/01_AssetStore/DoorPackFree/Prefab/Door S.prefab
  artifactKey: Guid(879c46f7e8bafd949bac611bca1db7e4) Importer(815301076,1909f56bfc062723c751e8b465ee728b)
Start importing Assets/01_AssetStore/DoorPackFree/Prefab/Door S.prefab using Guid(879c46f7e8bafd949bac611bca1db7e4) Importer(815301076,1909f56bfc062723c751e8b465ee728b)  -> (artifact id: 'e10b2ceafe72a6f011ff22812101b849') in 0.089612 seconds 
========================================================================
Received Import Request.
  Time since last request: 30.973079 seconds.
  path: Assets/01_AssetStore/DoorPackFree/Prefab/Door S.prefab
  artifactKey: Guid(879c46f7e8bafd949bac611bca1db7e4) Importer(815301076,1909f56bfc062723c751e8b465ee728b)
Start importing Assets/01_AssetStore/DoorPackFree/Prefab/Door S.prefab using Guid(879c46f7e8bafd949bac611bca1db7e4) Importer(815301076,1909f56bfc062723c751e8b465ee728b)  -> (artifact id: 'c9a5c8569d5b14eb08492c071e0bb455') in 0.070946 seconds 
