Using pre-set license
Built from '2021.3/staging' branch; Version is '2021.3.9f1 (ad3870b89536) revision 11352176'; Using compiler version '192829333'; Build Type 'Release'
OS: 'Windows 10  (10.0.19044) 64bit Core' Language: 'zh' Physical Memory: 8043 MB
BatchMode: 1, IsHumanControllingUs: 0, StartBugReporterOnCrash: 0, Is64bit: 1, IsPro: 1

COMMAND LINE ARGUMENTS:
C:\Program Files\Unity\Hub\Editor\2021.3.9f1\Editor\Unity.exe
-adb2
-batchMode
-noUpm
-name
AssetImportWorker0
-projectPath
D:/Get-High-2/1205/Map
-logFile
Logs/AssetImportWorker0.log
-srvPort
2158
Successfully changed project path to: D:/Get-High-2/1205/Map
D:/Get-High-2/1205/Map
[UnityMemory] Configuration Parameters - Can be set up in boot.config
    "memorysetup-bucket-allocator-granularity=16"
    "memorysetup-bucket-allocator-bucket-count=8"
    "memorysetup-bucket-allocator-block-size=33554432"
    "memorysetup-bucket-allocator-block-count=8"
    "memorysetup-main-allocator-block-size=16777216"
    "memorysetup-thread-allocator-block-size=16777216"
    "memorysetup-gfx-main-allocator-block-size=16777216"
    "memorysetup-gfx-thread-allocator-block-size=16777216"
    "memorysetup-cache-allocator-block-size=4194304"
    "memorysetup-typetree-allocator-block-size=2097152"
    "memorysetup-profiler-bucket-allocator-granularity=16"
    "memorysetup-profiler-bucket-allocator-bucket-count=8"
    "memorysetup-profiler-bucket-allocator-block-size=33554432"
    "memorysetup-profiler-bucket-allocator-block-count=8"
    "memorysetup-profiler-allocator-block-size=16777216"
    "memorysetup-profiler-editor-allocator-block-size=1048576"
    "memorysetup-temp-allocator-size-main=16777216"
    "memorysetup-job-temp-allocator-block-size=2097152"
    "memorysetup-job-temp-allocator-block-size-background=1048576"
    "memorysetup-job-temp-allocator-reduction-small-platforms=262144"
    "memorysetup-temp-allocator-size-background-worker=32768"
    "memorysetup-temp-allocator-size-job-worker=262144"
    "memorysetup-temp-allocator-size-preload-manager=33554432"
    "memorysetup-temp-allocator-size-nav-mesh-worker=65536"
    "memorysetup-temp-allocator-size-audio-worker=65536"
    "memorysetup-temp-allocator-size-cloud-worker=32768"
    "memorysetup-temp-allocator-size-gi-baking-worker=262144"
    "memorysetup-temp-allocator-size-gfx=262144"
Refreshing native plugins compatible for Editor in 109.59 ms, found 3 plugins.
Preloading 0 native plugins for Editor in 0.00 ms.
Initialize engine version: 2021.3.9f1 (ad3870b89536)
[Subsystems] Discovering subsystems at path C:/Program Files/Unity/Hub/Editor/2021.3.9f1/Editor/Data/Resources/UnitySubsystems
[Subsystems] Discovering subsystems at path D:/Get-High-2/1205/Map/Assets
GfxDevice: creating device client; threaded=0; jobified=0
Direct3D:
    Version:  Direct3D 11.0 [level 11.1]
    Renderer: NVIDIA GeForce MX250 (ID=0x1d13)
    Vendor:   NVIDIA
    VRAM:     1983 MB
    Driver:   30.0.15.1169
Initialize mono
Mono path[0] = 'C:/Program Files/Unity/Hub/Editor/2021.3.9f1/Editor/Data/Managed'
Mono path[1] = 'C:/Program Files/Unity/Hub/Editor/2021.3.9f1/Editor/Data/MonoBleedingEdge/lib/mono/unityjit-win32'
Mono config path = 'C:/Program Files/Unity/Hub/Editor/2021.3.9f1/Editor/Data/MonoBleedingEdge/etc'
Using monoOptions --debugger-agent=transport=dt_socket,embedding=1,server=y,suspend=n,address=127.0.0.1:56456
Begin MonoManager ReloadAssembly
Registering precompiled unity dll's ...
Register platform support module: C:/Program Files/Unity/Hub/Editor/2021.3.9f1/Editor/Data/PlaybackEngines/WebGLSupport/UnityEditor.WebGL.Extensions.dll
Register platform support module: C:/Program Files/Unity/Hub/Editor/2021.3.9f1/Editor/Data/PlaybackEngines/WindowsStandaloneSupport/UnityEditor.WindowsStandalone.Extensions.dll
Registered in 0.011284 seconds.
Native extension for WindowsStandalone target not found
Native extension for WebGL target not found
Refreshing native plugins compatible for Editor in 113.91 ms, found 3 plugins.
Preloading 0 native plugins for Editor in 0.00 ms.
Mono: successfully reloaded assembly
- Completed reload, in  0.721 seconds
Domain Reload Profiling:
	ReloadAssembly (721ms)
		BeginReloadAssembly (88ms)
			ExecutionOrderSort (0ms)
			DisableScriptedObjects (0ms)
			BackupInstance (0ms)
			ReleaseScriptingObjects (0ms)
			CreateAndSetChildDomain (4ms)
		EndReloadAssembly (514ms)
			LoadAssemblies (82ms)
			RebuildTransferFunctionScriptingTraits (0ms)
			SetupTypeCache (106ms)
			ReleaseScriptCaches (0ms)
			RebuildScriptCaches (31ms)
			SetupLoadedEditorAssemblies (317ms)
				LogAssemblyErrors (0ms)
				InitializePlatformSupportModulesInManaged (15ms)
				SetLoadedEditorAssemblies (0ms)
				RefreshPlugins (114ms)
				BeforeProcessingInitializeOnLoad (2ms)
				ProcessInitializeOnLoadAttributes (137ms)
				ProcessInitializeOnLoadMethodAttributes (48ms)
				AfterProcessingInitializeOnLoad (0ms)
				EditorAssembliesLoaded (0ms)
			ExecutionOrderSort2 (0ms)
			AwakeInstancesAfterBackupRestoration (0ms)
Platform modules already initialized, skipping
Registering precompiled user dll's ...
Registered in 0.006006 seconds.
Begin MonoManager ReloadAssembly
Symbol file LoadedFromMemory doesn't match image D:\Get-High-2\1205\Map\Library\PackageCache\com.unity.visualscripting@1.7.8\Editor\VisualScripting.Core\Dependencies\YamlDotNet\Unity.VisualScripting.YamlDotNet.dll
Symbol file LoadedFromMemory doesn't match image D:\Get-High-2\1205\Map\Library\PackageCache\com.unity.visualscripting@1.7.8\Editor\VisualScripting.Core\Dependencies\DotNetZip\Unity.VisualScripting.IonicZip.dll
Native extension for WindowsStandalone target not found
Native extension for WebGL target not found
Refreshing native plugins compatible for Editor in 103.13 ms, found 3 plugins.
Preloading 0 native plugins for Editor in 0.00 ms.
Mono: successfully reloaded assembly
- Completed reload, in  1.635 seconds
Domain Reload Profiling:
	ReloadAssembly (1636ms)
		BeginReloadAssembly (167ms)
			ExecutionOrderSort (0ms)
			DisableScriptedObjects (6ms)
			BackupInstance (0ms)
			ReleaseScriptingObjects (0ms)
			CreateAndSetChildDomain (32ms)
		EndReloadAssembly (1294ms)
			LoadAssemblies (129ms)
			RebuildTransferFunctionScriptingTraits (0ms)
			SetupTypeCache (371ms)
			ReleaseScriptCaches (1ms)
			RebuildScriptCaches (79ms)
			SetupLoadedEditorAssemblies (667ms)
				LogAssemblyErrors (0ms)
				InitializePlatformSupportModulesInManaged (8ms)
				SetLoadedEditorAssemblies (0ms)
				RefreshPlugins (103ms)
				BeforeProcessingInitializeOnLoad (106ms)
				ProcessInitializeOnLoadAttributes (401ms)
				ProcessInitializeOnLoadMethodAttributes (31ms)
				AfterProcessingInitializeOnLoad (17ms)
				EditorAssembliesLoaded (0ms)
			ExecutionOrderSort2 (0ms)
			AwakeInstancesAfterBackupRestoration (9ms)
Platform modules already initialized, skipping
========================================================================
Worker process is ready to serve import requests
Launched and connected shader compiler UnityShaderCompiler.exe after 0.08 seconds
Refreshing native plugins compatible for Editor in 1.67 ms, found 3 plugins.
Preloading 0 native plugins for Editor in 0.00 ms.
Unloading 3911 Unused Serialized files (Serialized files now loaded: 0)
Unloading 43 unused Assets / (184.4 KB). Loaded Objects now: 4370.
Memory consumption went from 138.4 MB to 138.2 MB.
Total: 5.191500 ms (FindLiveObjects: 0.426000 ms CreateObjectMapping: 0.335900 ms MarkObjects: 4.285900 ms  DeleteObjects: 0.142600 ms)

AssetImportParameters requested are different than current active one (requested -> active):
  custom:video-decoder-ogg-theora: a1e56fd34408186e4bbccfd4996cb3dc -> 
  custom:container-muxer-webm: aa71ff27fc2769a1b78a27578f13a17b -> 
  custom:container-demuxer-webm: 4f35f7cbe854078d1ac9338744f61a02 -> 
  custom:video-encoder-webm-vp8: eb34c28f22e8b96e1ab97ce403110664 -> 
  custom:audio-encoder-webm-vorbis: bf7c407c2cedff20999df2af8eb42d56 -> 
  custom:framework-win-MediaFoundation: 216162199b28c13a410421893ffa2e32 -> 
  custom:container-demuxer-ogg: 62fdf1f143b41e24485cea50d1cbac27 -> 
  custom:video-decoder-webm-vp8: 9c59270c3fd7afecdb556c50c9e8de78 -> 
  custom:audio-decoder-ogg-vorbis: bf7c407c2cedff20999df2af8eb42d56 -> 
========================================================================
Received Import Request.
  Time since last request: 17628.246528 seconds.
  path: Assets/Materials/Plant
  artifactKey: Guid(087db7c29b7bb7045be2bb38a72c33c9) Importer(815301076,1909f56bfc062723c751e8b465ee728b)
Start importing Assets/Materials/Plant using Guid(087db7c29b7bb7045be2bb38a72c33c9) Importer(815301076,1909f56bfc062723c751e8b465ee728b)  -> (artifact id: '928efa97a271048439b4574edf7186ae') in 0.013398 seconds 
========================================================================
Received Import Request.
  Time since last request: 90.807885 seconds.
  path: Assets/Packages/HDRPFurniturePack
  artifactKey: Guid(92eda1f3f805cb14f9c7e0d20f96e455) Importer(815301076,1909f56bfc062723c751e8b465ee728b)
Start importing Assets/Packages/HDRPFurniturePack using Guid(92eda1f3f805cb14f9c7e0d20f96e455) Importer(815301076,1909f56bfc062723c751e8b465ee728b)  -> (artifact id: '801c1ff34c99a07de0ca9c936b502aa5') in 0.015841 seconds 
========================================================================
Received Import Request.
  Time since last request: 11.154802 seconds.
  path: Assets/Packages/BarProps/Prefabs/TallRoundTable.dae
  artifactKey: Guid(63fca6f7605661246ba17828e535919e) Importer(815301076,1909f56bfc062723c751e8b465ee728b)
Start importing Assets/Packages/BarProps/Prefabs/TallRoundTable.dae using Guid(63fca6f7605661246ba17828e535919e) Importer(815301076,1909f56bfc062723c751e8b465ee728b)  -> (artifact id: 'dedbf32c2bd63181bdec7af5a104b67f') in 0.472395 seconds 
========================================================================
Received Import Request.
  Time since last request: 1.847178 seconds.
  path: Assets/Packages/BarProps/Prefabs/WoodenSeatBacked.dae
  artifactKey: Guid(e5f6c578761bc4e41a03985bf01ba61b) Importer(815301076,1909f56bfc062723c751e8b465ee728b)
Start importing Assets/Packages/BarProps/Prefabs/WoodenSeatBacked.dae using Guid(e5f6c578761bc4e41a03985bf01ba61b) Importer(815301076,1909f56bfc062723c751e8b465ee728b)  -> (artifact id: '1af7a161c49ee6c66cc52a894556f194') in 0.263941 seconds 
========================================================================
Received Import Request.
  Time since last request: 1.811548 seconds.
  path: Assets/Packages/BarProps/Scenes
  artifactKey: Guid(4f704ae4b4f98ae41a0bce26658850c1) Importer(815301076,1909f56bfc062723c751e8b465ee728b)
Start importing Assets/Packages/BarProps/Scenes using Guid(4f704ae4b4f98ae41a0bce26658850c1) Importer(815301076,1909f56bfc062723c751e8b465ee728b)  -> (artifact id: 'cefd756a7c575ccc44c568131cef5c36') in 0.022412 seconds 
========================================================================
Received Import Request.
  Time since last request: 723.102991 seconds.
  path: Assets/Packages/Sofa Room
  artifactKey: Guid(e612177becb522344b4d29fcd94dd2b4) Importer(815301076,1909f56bfc062723c751e8b465ee728b)
Start importing Assets/Packages/Sofa Room using Guid(e612177becb522344b4d29fcd94dd2b4) Importer(815301076,1909f56bfc062723c751e8b465ee728b)  -> (artifact id: '4328fcdff1abda4d6d0ab2223d2087a3') in 0.007045 seconds 
========================================================================
Received Import Request.
  Time since last request: 9.862493 seconds.
  path: Assets/Packages/Sofa Room/Coffee table
  artifactKey: Guid(f535cfe9c756baf449cf10fb604efb86) Importer(815301076,1909f56bfc062723c751e8b465ee728b)
Start importing Assets/Packages/Sofa Room/Coffee table using Guid(f535cfe9c756baf449cf10fb604efb86) Importer(815301076,1909f56bfc062723c751e8b465ee728b)  -> (artifact id: '8c1e56c0705a157af76b1f718f241d82') in 0.007108 seconds 
========================================================================
Received Import Request.
  Time since last request: 23.844331 seconds.
  path: Assets/Packages/Sofa Room/Coffee table/Mesacubo-capitalstudio.obj
  artifactKey: Guid(e7e0835a0099e554c8aae557fff27027) Importer(815301076,1909f56bfc062723c751e8b465ee728b)
Start importing Assets/Packages/Sofa Room/Coffee table/Mesacubo-capitalstudio.obj using Guid(e7e0835a0099e554c8aae557fff27027) Importer(815301076,1909f56bfc062723c751e8b465ee728b)  -> (artifact id: '3fc3b7b45cfa03f20b61a0e681043958') in 0.340316 seconds 
========================================================================
Received Import Request.
  Time since last request: 409.546026 seconds.
  path: Assets/Packages/Sofa Room/Coffee table/Marble11.jpg
  artifactKey: Guid(05d5e9b3eac5a0f4e9de9c9bef424456) Importer(815301076,1909f56bfc062723c751e8b465ee728b)
Start importing Assets/Packages/Sofa Room/Coffee table/Marble11.jpg using Guid(05d5e9b3eac5a0f4e9de9c9bef424456) Importer(815301076,1909f56bfc062723c751e8b465ee728b)  -> (artifact id: 'c61da4fe5363b27a6d3bad6c1a2a991d') in 0.207998 seconds 
========================================================================
Received Import Request.
  Time since last request: 2.913938 seconds.
  path: Assets/Packages/Sofa Room/Coffee table/Mesa cubo 2.jpg
  artifactKey: Guid(a7487104bf630cc428a52cc169c192b7) Importer(815301076,1909f56bfc062723c751e8b465ee728b)
Start importing Assets/Packages/Sofa Room/Coffee table/Mesa cubo 2.jpg using Guid(a7487104bf630cc428a52cc169c192b7) Importer(815301076,1909f56bfc062723c751e8b465ee728b)  -> (artifact id: 'bb33582c1604709da307c597c70e6540') in 0.016005 seconds 
========================================================================
Received Import Request.
  Time since last request: 3.836028 seconds.
  path: Assets/Packages/Sofa Room/Coffee table/Mesa cubo 3.jpg
  artifactKey: Guid(a066b21bee3c80d488ea42c7dae96f81) Importer(815301076,1909f56bfc062723c751e8b465ee728b)
Start importing Assets/Packages/Sofa Room/Coffee table/Mesa cubo 3.jpg using Guid(a066b21bee3c80d488ea42c7dae96f81) Importer(815301076,1909f56bfc062723c751e8b465ee728b)  -> (artifact id: '4e7cd4b64cb0494fbd2bd68a224f9e3a') in 0.017722 seconds 
========================================================================
Received Import Request.
  Time since last request: 6.388192 seconds.
  path: Assets/Packages/Sofa Room/Coffee table/Mesa cubo-Capitalstudio.max
  artifactKey: Guid(bd1251085708c804e901e83f01b4ee3a) Importer(815301076,1909f56bfc062723c751e8b465ee728b)
Start importing Assets/Packages/Sofa Room/Coffee table/Mesa cubo-Capitalstudio.max using Guid(bd1251085708c804e901e83f01b4ee3a) Importer(815301076,1909f56bfc062723c751e8b465ee728b)  -> (artifact id: '9fa17c523ab1b0268948bb08110e63d0') in 0.018377 seconds 
========================================================================
Received Import Request.
  Time since last request: 74.904169 seconds.
  path: Assets/Packages/Sofa Room/Coffee table/Mesa cubo 1.jpg
  artifactKey: Guid(c8ba405ec859480449201fdc390a6b59) Importer(815301076,1909f56bfc062723c751e8b465ee728b)
Start importing Assets/Packages/Sofa Room/Coffee table/Mesa cubo 1.jpg using Guid(c8ba405ec859480449201fdc390a6b59) Importer(815301076,1909f56bfc062723c751e8b465ee728b)  -> (artifact id: 'a0c31626ec62246b75fe6a1ed1b5f973') in 0.012864 seconds 
========================================================================
Received Import Request.
  Time since last request: 326.169967 seconds.
  path: Assets/Packages/TV
  artifactKey: Guid(f32748d6d90a5fe4abf1ad1df68d986e) Importer(815301076,1909f56bfc062723c751e8b465ee728b)
Start importing Assets/Packages/TV using Guid(f32748d6d90a5fe4abf1ad1df68d986e) Importer(815301076,1909f56bfc062723c751e8b465ee728b)  -> (artifact id: '1eb48485ab6765b5abdf4b50a8da0b86') in 0.008403 seconds 
========================================================================
Received Import Request.
  Time since last request: 21.215455 seconds.
  path: Assets/Packages/Sofa Room/TV/uploads_files_4123502_tv05.obj
  artifactKey: Guid(f34dbbd4a6398a04f8f52ab6e67d7515) Importer(815301076,1909f56bfc062723c751e8b465ee728b)
Start importing Assets/Packages/Sofa Room/TV/uploads_files_4123502_tv05.obj using Guid(f34dbbd4a6398a04f8f52ab6e67d7515) Importer(815301076,1909f56bfc062723c751e8b465ee728b)  -> (artifact id: '8abd82234ac42ed1abe3cc38b4d9549f') in 0.859624 seconds 
========================================================================
Received Import Request.
  Time since last request: 262.228670 seconds.
  path: Assets/Packages/Sofa Room/TV/uploads_files_2607600_tv.obj
  artifactKey: Guid(bb0d3105b8a40df43a3df14e25d2e29f) Importer(815301076,1909f56bfc062723c751e8b465ee728b)
Start importing Assets/Packages/Sofa Room/TV/uploads_files_2607600_tv.obj using Guid(bb0d3105b8a40df43a3df14e25d2e29f) Importer(815301076,1909f56bfc062723c751e8b465ee728b)  -> (artifact id: '28ab7d5e910fd6434abe2d1b2784380d') in 0.348265 seconds 
========================================================================
Received Import Request.
  Time since last request: 78.626165 seconds.
  path: Assets/Packages/Sofa Room/TV/uploads_files_2607600_tv 1.obj
  artifactKey: Guid(a6b4f8f1973f06242bddd40d75fbc929) Importer(815301076,1909f56bfc062723c751e8b465ee728b)
Start importing Assets/Packages/Sofa Room/TV/uploads_files_2607600_tv 1.obj using Guid(a6b4f8f1973f06242bddd40d75fbc929) Importer(815301076,1909f56bfc062723c751e8b465ee728b)  -> (artifact id: 'bf4682334775be75b28b521e450563d4') in 0.050973 seconds 
========================================================================
Received Import Request.
  Time since last request: 7.360873 seconds.
  path: Assets/Packages/Sofa Room/TV/uploads_files_2607600_tv.fbx
  artifactKey: Guid(783b0e569fbe47b449fe0cba2a61d5ba) Importer(815301076,1909f56bfc062723c751e8b465ee728b)
Start importing Assets/Packages/Sofa Room/TV/uploads_files_2607600_tv.fbx using Guid(783b0e569fbe47b449fe0cba2a61d5ba) Importer(815301076,1909f56bfc062723c751e8b465ee728b)  -> (artifact id: '0fa231929cb26359f8b8c85462365784') in 0.137580 seconds 
========================================================================
Received Import Request.
  Time since last request: 0.278112 seconds.
  path: Assets/Packages/Sofa Room/TV/uploads_files_2607600_tv.blend
  artifactKey: Guid(3511dbadaa045c249a08f532f83c4a9f) Importer(815301076,1909f56bfc062723c751e8b465ee728b)
Start importing Assets/Packages/Sofa Room/TV/uploads_files_2607600_tv.blend using Guid(3511dbadaa045c249a08f532f83c4a9f) Importer(815301076,1909f56bfc062723c751e8b465ee728b)  -> (artifact id: '4c1a52a208145d190ac0828b67d90b12') in 0.024987 seconds 
========================================================================
Received Import Request.
  Time since last request: 452.508827 seconds.
  path: Assets/Packages/Sofa Room/TV/uploads_files_3883863_Simple+Samsung+TV.obj
  artifactKey: Guid(9b133cae5c7e1294c89266d6f2750540) Importer(815301076,1909f56bfc062723c751e8b465ee728b)
Start importing Assets/Packages/Sofa Room/TV/uploads_files_3883863_Simple+Samsung+TV.obj using Guid(9b133cae5c7e1294c89266d6f2750540) Importer(815301076,1909f56bfc062723c751e8b465ee728b)  -> (artifact id: '051df0ad7e085ee2b2c00f3969a9615f') in 0.378393 seconds 
========================================================================
Received Import Request.
  Time since last request: 299.698470 seconds.
  path: Assets/Packages/01_AssetStore/DoorPackFree/Prefab/Room12.prefab
  artifactKey: Guid(64636b1d47388d4459a0e2331c609d0f) Importer(815301076,1909f56bfc062723c751e8b465ee728b)
Start importing Assets/Packages/01_AssetStore/DoorPackFree/Prefab/Room12.prefab using Guid(64636b1d47388d4459a0e2331c609d0f) Importer(815301076,1909f56bfc062723c751e8b465ee728b)  -> (artifact id: 'bb5055aa96d726a7ea79c9f1644242da') in 0.073503 seconds 
========================================================================
Received Import Request.
  Time since last request: 265.171811 seconds.
  path: Assets/Packages/Modular Sofa FREE
  artifactKey: Guid(6057082cee7419a46b1ed3cc300c3b48) Importer(815301076,1909f56bfc062723c751e8b465ee728b)
Start importing Assets/Packages/Modular Sofa FREE using Guid(6057082cee7419a46b1ed3cc300c3b48) Importer(815301076,1909f56bfc062723c751e8b465ee728b)  -> (artifact id: '0079e4d3a45232bb564d713f2e0a83d3') in 0.006918 seconds 
========================================================================
Received Import Request.
  Time since last request: 69.545839 seconds.
  path: Assets/Packages/Modular Sofa FREE/Prefabs/Armchair.prefab
  artifactKey: Guid(a84ca9d45a7f5ee44aa48454748a4a41) Importer(815301076,1909f56bfc062723c751e8b465ee728b)
Start importing Assets/Packages/Modular Sofa FREE/Prefabs/Armchair.prefab using Guid(a84ca9d45a7f5ee44aa48454748a4a41) Importer(815301076,1909f56bfc062723c751e8b465ee728b)  -> (artifact id: 'cea5a66f9b0896299f86964750289987') in 0.459607 seconds 
========================================================================
Received Import Request.
  Time since last request: 1.299759 seconds.
  path: Assets/Packages/Modular Sofa FREE/Prefabs/Sofa_1.prefab
  artifactKey: Guid(1635495ff86484a4280d3eb3be6d8b0c) Importer(815301076,1909f56bfc062723c751e8b465ee728b)
Start importing Assets/Packages/Modular Sofa FREE/Prefabs/Sofa_1.prefab using Guid(1635495ff86484a4280d3eb3be6d8b0c) Importer(815301076,1909f56bfc062723c751e8b465ee728b)  -> (artifact id: '03ecb8a44d06b7f8854089a7818e7bb8') in 0.097271 seconds 
========================================================================
Received Import Request.
  Time since last request: 0.691026 seconds.
  path: Assets/Packages/Modular Sofa FREE/Prefabs/Sofa_2.prefab
  artifactKey: Guid(834a7e08044e40e42aa5b133397ca58d) Importer(815301076,1909f56bfc062723c751e8b465ee728b)
Start importing Assets/Packages/Modular Sofa FREE/Prefabs/Sofa_2.prefab using Guid(834a7e08044e40e42aa5b133397ca58d) Importer(815301076,1909f56bfc062723c751e8b465ee728b)  -> (artifact id: '1f395a9dd5674861dea7564fa25ed662') in 0.148198 seconds 
========================================================================
Received Import Request.
  Time since last request: 0.499193 seconds.
  path: Assets/Packages/Modular Sofa FREE/Prefabs/Sofa_3.prefab
  artifactKey: Guid(0b26a4ffd8907684293e56af66147de1) Importer(815301076,1909f56bfc062723c751e8b465ee728b)
Start importing Assets/Packages/Modular Sofa FREE/Prefabs/Sofa_3.prefab using Guid(0b26a4ffd8907684293e56af66147de1) Importer(815301076,1909f56bfc062723c751e8b465ee728b)  -> (artifact id: '176711f50e7ad729288a4bc45f0b9e9a') in 0.159474 seconds 
========================================================================
Received Import Request.
  Time since last request: 1.417847 seconds.
  path: Assets/Packages/Modular Sofa FREE/Prefabs/Sofa_4.prefab
  artifactKey: Guid(346812373dd8f36448dc27104195de15) Importer(815301076,1909f56bfc062723c751e8b465ee728b)
Start importing Assets/Packages/Modular Sofa FREE/Prefabs/Sofa_4.prefab using Guid(346812373dd8f36448dc27104195de15) Importer(815301076,1909f56bfc062723c751e8b465ee728b)  -> (artifact id: 'a535acc5254e298c34b35923a05950ac') in 0.174352 seconds 
========================================================================
Received Import Request.
  Time since last request: 35.738671 seconds.
  path: Assets/Packages/Modular Sofa FREE/Textures/Sofa_s.tga
  artifactKey: Guid(87a54eb35dff81d4f9c7fab13f5fbafa) Importer(815301076,1909f56bfc062723c751e8b465ee728b)
Start importing Assets/Packages/Modular Sofa FREE/Textures/Sofa_s.tga using Guid(87a54eb35dff81d4f9c7fab13f5fbafa) Importer(815301076,1909f56bfc062723c751e8b465ee728b)  -> (artifact id: '1541205b549496572ce92c31ccc78671') in 0.062446 seconds 
========================================================================
Received Import Request.
  Time since last request: 6.874905 seconds.
  path: Assets/Packages/Modular Sofa FREE/Models
  artifactKey: Guid(925492869fa041c45aeb3b886d546561) Importer(815301076,1909f56bfc062723c751e8b465ee728b)
Start importing Assets/Packages/Modular Sofa FREE/Models using Guid(925492869fa041c45aeb3b886d546561) Importer(815301076,1909f56bfc062723c751e8b465ee728b)  -> (artifact id: '822f86e214f073b328195461172b51f1') in 0.109008 seconds 
========================================================================
Received Import Request.
  Time since last request: 0.863243 seconds.
  path: Assets/Packages/Modular Sofa FREE/Prefabs
  artifactKey: Guid(87dc37f2dfaf5e042a55ae1a1be86094) Importer(815301076,1909f56bfc062723c751e8b465ee728b)
Start importing Assets/Packages/Modular Sofa FREE/Prefabs using Guid(87dc37f2dfaf5e042a55ae1a1be86094) Importer(815301076,1909f56bfc062723c751e8b465ee728b)  -> (artifact id: 'cdb0dd62842da472cf2ee51717e3a3d8') in 0.232249 seconds 
========================================================================
Received Import Request.
  Time since last request: 2.891997 seconds.
  path: Assets/Packages/Modular Sofa FREE/Models/Armchair.FBX
  artifactKey: Guid(3929a797264cb9340b899ad91734b9bc) Importer(815301076,1909f56bfc062723c751e8b465ee728b)
Start importing Assets/Packages/Modular Sofa FREE/Models/Armchair.FBX using Guid(3929a797264cb9340b899ad91734b9bc) Importer(815301076,1909f56bfc062723c751e8b465ee728b)  -> (artifact id: 'ae9021f3604baa8b7cebaa21f13e99aa') in 0.035017 seconds 
========================================================================
Received Import Request.
  Time since last request: 628.575004 seconds.
  path: Assets/Packages/Modular Sofa FREE/Textures/Sofa_color_id.png
  artifactKey: Guid(201642d3d81c1504d8548436bc29dfb4) Importer(815301076,1909f56bfc062723c751e8b465ee728b)
Start importing Assets/Packages/Modular Sofa FREE/Textures/Sofa_color_id.png using Guid(201642d3d81c1504d8548436bc29dfb4) Importer(815301076,1909f56bfc062723c751e8b465ee728b)  -> (artifact id: 'a4efc4ac45e98a608197a4aaee3e1416') in 0.060201 seconds 
========================================================================
Received Import Request.
  Time since last request: 0.000042 seconds.
  path: Assets/Packages/Modular Sofa FREE/Textures/Sofa_n.tga
  artifactKey: Guid(bb0e9362ad207c046b33345ee69f6ac2) Importer(815301076,1909f56bfc062723c751e8b465ee728b)
Start importing Assets/Packages/Modular Sofa FREE/Textures/Sofa_n.tga using Guid(bb0e9362ad207c046b33345ee69f6ac2) Importer(815301076,1909f56bfc062723c751e8b465ee728b)  -> (artifact id: '49e7ea7ea21ec414e8e1553e235f1795') in 0.137848 seconds 
========================================================================
Received Import Request.
  Time since last request: 0.000037 seconds.
  path: Assets/Packages/Modular Sofa FREE/Textures/Sofa_ao.tga
  artifactKey: Guid(a122c192cf7285a47be5935512a2c918) Importer(815301076,1909f56bfc062723c751e8b465ee728b)
Start importing Assets/Packages/Modular Sofa FREE/Textures/Sofa_ao.tga using Guid(a122c192cf7285a47be5935512a2c918) Importer(815301076,1909f56bfc062723c751e8b465ee728b)  -> (artifact id: '7566ae844c694f1496475686cded9f82') in 0.043025 seconds 
========================================================================
Received Import Request.
  Time since last request: 3.834252 seconds.
  path: Assets/Packages/Modular Sofa FREE/Materials/StandardColorMask.shader
  artifactKey: Guid(053d635016714fc42af4173d1d5bb896) Importer(815301076,1909f56bfc062723c751e8b465ee728b)
Start importing Assets/Packages/Modular Sofa FREE/Materials/StandardColorMask.shader using Guid(053d635016714fc42af4173d1d5bb896) Importer(815301076,1909f56bfc062723c751e8b465ee728b)  -> (artifact id: '0b33807dc5cdd62502df389ae388a2ad') in 0.012999 seconds 
AssetImportWorkerClient::OnTransportError - code=10054 error=遠端主機已強制關閉一個現存的連線。
