Using pre-set license
Built from '2021.3/staging' branch; Version is '2021.3.9f1 (ad3870b89536) revision 11352176'; Using compiler version '192829333'; Build Type 'Release'
OS: 'Windows 10  (10.0.19044) 64bit Core' Language: 'zh' Physical Memory: 8043 MB
BatchMode: 1, IsHumanControllingUs: 0, StartBugReporterOnCrash: 0, Is64bit: 1, IsPro: 1

COMMAND LINE ARGUMENTS:
C:\Program Files\Unity\Hub\Editor\2021.3.9f1\Editor\Unity.exe
-adb2
-batchMode
-noUpm
-name
AssetImportWorker0
-projectPath
D:/Get-High-2/1205/Map
-logFile
Logs/AssetImportWorker0.log
-srvPort
6354
Successfully changed project path to: D:/Get-High-2/1205/Map
D:/Get-High-2/1205/Map
[UnityMemory] Configuration Parameters - Can be set up in boot.config
    "memorysetup-bucket-allocator-granularity=16"
    "memorysetup-bucket-allocator-bucket-count=8"
    "memorysetup-bucket-allocator-block-size=33554432"
    "memorysetup-bucket-allocator-block-count=8"
    "memorysetup-main-allocator-block-size=16777216"
    "memorysetup-thread-allocator-block-size=16777216"
    "memorysetup-gfx-main-allocator-block-size=16777216"
    "memorysetup-gfx-thread-allocator-block-size=16777216"
    "memorysetup-cache-allocator-block-size=4194304"
    "memorysetup-typetree-allocator-block-size=2097152"
    "memorysetup-profiler-bucket-allocator-granularity=16"
    "memorysetup-profiler-bucket-allocator-bucket-count=8"
    "memorysetup-profiler-bucket-allocator-block-size=33554432"
    "memorysetup-profiler-bucket-allocator-block-count=8"
    "memorysetup-profiler-allocator-block-size=16777216"
    "memorysetup-profiler-editor-allocator-block-size=1048576"
    "memorysetup-temp-allocator-size-main=16777216"
    "memorysetup-job-temp-allocator-block-size=2097152"
    "memorysetup-job-temp-allocator-block-size-background=1048576"
    "memorysetup-job-temp-allocator-reduction-small-platforms=262144"
    "memorysetup-temp-allocator-size-background-worker=32768"
    "memorysetup-temp-allocator-size-job-worker=262144"
    "memorysetup-temp-allocator-size-preload-manager=33554432"
    "memorysetup-temp-allocator-size-nav-mesh-worker=65536"
    "memorysetup-temp-allocator-size-audio-worker=65536"
    "memorysetup-temp-allocator-size-cloud-worker=32768"
    "memorysetup-temp-allocator-size-gi-baking-worker=262144"
    "memorysetup-temp-allocator-size-gfx=262144"
Refreshing native plugins compatible for Editor in 177.38 ms, found 3 plugins.
Preloading 0 native plugins for Editor in 0.00 ms.
Initialize engine version: 2021.3.9f1 (ad3870b89536)
[Subsystems] Discovering subsystems at path C:/Program Files/Unity/Hub/Editor/2021.3.9f1/Editor/Data/Resources/UnitySubsystems
[Subsystems] Discovering subsystems at path D:/Get-High-2/1205/Map/Assets
GfxDevice: creating device client; threaded=0; jobified=0
Direct3D:
    Version:  Direct3D 11.0 [level 11.1]
    Renderer: NVIDIA GeForce MX250 (ID=0x1d13)
    Vendor:   NVIDIA
    VRAM:     1983 MB
    Driver:   30.0.15.1169
Initialize mono
Mono path[0] = 'C:/Program Files/Unity/Hub/Editor/2021.3.9f1/Editor/Data/Managed'
Mono path[1] = 'C:/Program Files/Unity/Hub/Editor/2021.3.9f1/Editor/Data/MonoBleedingEdge/lib/mono/unityjit-win32'
Mono config path = 'C:/Program Files/Unity/Hub/Editor/2021.3.9f1/Editor/Data/MonoBleedingEdge/etc'
Using monoOptions --debugger-agent=transport=dt_socket,embedding=1,server=y,suspend=n,address=127.0.0.1:56876
Begin MonoManager ReloadAssembly
Registering precompiled unity dll's ...
Register platform support module: C:/Program Files/Unity/Hub/Editor/2021.3.9f1/Editor/Data/PlaybackEngines/WebGLSupport/UnityEditor.WebGL.Extensions.dll
Register platform support module: C:/Program Files/Unity/Hub/Editor/2021.3.9f1/Editor/Data/PlaybackEngines/WindowsStandaloneSupport/UnityEditor.WindowsStandalone.Extensions.dll
Registered in 0.029535 seconds.
Native extension for WindowsStandalone target not found
Native extension for WebGL target not found
Refreshing native plugins compatible for Editor in 203.00 ms, found 3 plugins.
Preloading 0 native plugins for Editor in 0.00 ms.
Mono: successfully reloaded assembly
- Completed reload, in  1.533 seconds
Domain Reload Profiling:
	ReloadAssembly (1535ms)
		BeginReloadAssembly (181ms)
			ExecutionOrderSort (0ms)
			DisableScriptedObjects (0ms)
			BackupInstance (0ms)
			ReleaseScriptingObjects (0ms)
			CreateAndSetChildDomain (1ms)
		EndReloadAssembly (1067ms)
			LoadAssemblies (176ms)
			RebuildTransferFunctionScriptingTraits (0ms)
			SetupTypeCache (266ms)
			ReleaseScriptCaches (0ms)
			RebuildScriptCaches (57ms)
			SetupLoadedEditorAssemblies (613ms)
				LogAssemblyErrors (0ms)
				InitializePlatformSupportModulesInManaged (25ms)
				SetLoadedEditorAssemblies (0ms)
				RefreshPlugins (203ms)
				BeforeProcessingInitializeOnLoad (2ms)
				ProcessInitializeOnLoadAttributes (257ms)
				ProcessInitializeOnLoadMethodAttributes (125ms)
				AfterProcessingInitializeOnLoad (0ms)
				EditorAssembliesLoaded (0ms)
			ExecutionOrderSort2 (0ms)
			AwakeInstancesAfterBackupRestoration (0ms)
Platform modules already initialized, skipping
Registering precompiled user dll's ...
Registered in 0.012185 seconds.
Begin MonoManager ReloadAssembly
Symbol file LoadedFromMemory doesn't match image D:\Get-High-2\1205\Map\Library\PackageCache\com.unity.visualscripting@1.7.8\Editor\VisualScripting.Core\Dependencies\YamlDotNet\Unity.VisualScripting.YamlDotNet.dll
Symbol file LoadedFromMemory doesn't match image D:\Get-High-2\1205\Map\Library\PackageCache\com.unity.visualscripting@1.7.8\Editor\VisualScripting.Core\Dependencies\DotNetZip\Unity.VisualScripting.IonicZip.dll
Native extension for WindowsStandalone target not found
Native extension for WebGL target not found
Refreshing native plugins compatible for Editor in 201.51 ms, found 3 plugins.
Preloading 0 native plugins for Editor in 0.00 ms.
Mono: successfully reloaded assembly
- Completed reload, in  2.804 seconds
Domain Reload Profiling:
	ReloadAssembly (2806ms)
		BeginReloadAssembly (276ms)
			ExecutionOrderSort (0ms)
			DisableScriptedObjects (13ms)
			BackupInstance (0ms)
			ReleaseScriptingObjects (0ms)
			CreateAndSetChildDomain (35ms)
		EndReloadAssembly (2251ms)
			LoadAssemblies (202ms)
			RebuildTransferFunctionScriptingTraits (0ms)
			SetupTypeCache (632ms)
			ReleaseScriptCaches (1ms)
			RebuildScriptCaches (144ms)
			SetupLoadedEditorAssemblies (1206ms)
				LogAssemblyErrors (0ms)
				InitializePlatformSupportModulesInManaged (17ms)
				SetLoadedEditorAssemblies (1ms)
				RefreshPlugins (202ms)
				BeforeProcessingInitializeOnLoad (217ms)
				ProcessInitializeOnLoadAttributes (694ms)
				ProcessInitializeOnLoadMethodAttributes (53ms)
				AfterProcessingInitializeOnLoad (22ms)
				EditorAssembliesLoaded (0ms)
			ExecutionOrderSort2 (0ms)
			AwakeInstancesAfterBackupRestoration (13ms)
Platform modules already initialized, skipping
========================================================================
Worker process is ready to serve import requests
Launched and connected shader compiler UnityShaderCompiler.exe after 0.13 seconds
Refreshing native plugins compatible for Editor in 1.84 ms, found 3 plugins.
Preloading 0 native plugins for Editor in 0.00 ms.
Unloading 3912 Unused Serialized files (Serialized files now loaded: 0)
Unloading 43 unused Assets / (185.1 KB). Loaded Objects now: 4372.
Memory consumption went from 139.3 MB to 139.1 MB.
Total: 9.524000 ms (FindLiveObjects: 0.711300 ms CreateObjectMapping: 0.498000 ms MarkObjects: 7.950600 ms  DeleteObjects: 0.361900 ms)

AssetImportParameters requested are different than current active one (requested -> active):
  custom:video-decoder-ogg-theora: a1e56fd34408186e4bbccfd4996cb3dc -> 
  custom:container-muxer-webm: aa71ff27fc2769a1b78a27578f13a17b -> 
  custom:container-demuxer-webm: 4f35f7cbe854078d1ac9338744f61a02 -> 
  custom:video-encoder-webm-vp8: eb34c28f22e8b96e1ab97ce403110664 -> 
  custom:audio-encoder-webm-vorbis: bf7c407c2cedff20999df2af8eb42d56 -> 
  custom:framework-win-MediaFoundation: 216162199b28c13a410421893ffa2e32 -> 
  custom:container-demuxer-ogg: 62fdf1f143b41e24485cea50d1cbac27 -> 
  custom:video-decoder-webm-vp8: 9c59270c3fd7afecdb556c50c9e8de78 -> 
  custom:audio-decoder-ogg-vorbis: bf7c407c2cedff20999df2af8eb42d56 -> 
========================================================================
Received Import Request.
  Time since last request: 22247.753091 seconds.
  path: Assets/Packages/01_AssetStore/DoorPackFree/Prefab/Door block btw.prefab
  artifactKey: Guid(16051b0ac8b19fc40b5bad5fc94ebafb) Importer(815301076,1909f56bfc062723c751e8b465ee728b)
Start importing Assets/Packages/01_AssetStore/DoorPackFree/Prefab/Door block btw.prefab using Guid(16051b0ac8b19fc40b5bad5fc94ebafb) Importer(815301076,1909f56bfc062723c751e8b465ee728b)  -> (artifact id: '3fac9f1bb4b029e24745c3d054d4e592') in 0.240364 seconds 
========================================================================
Received Prepare
Registering precompiled user dll's ...
Registered in 0.011571 seconds.
Begin MonoManager ReloadAssembly
Symbol file LoadedFromMemory doesn't match image D:\Get-High-2\1205\Map\Library\PackageCache\com.unity.visualscripting@1.7.8\Editor\VisualScripting.Core\Dependencies\YamlDotNet\Unity.VisualScripting.YamlDotNet.dll
Symbol file LoadedFromMemory doesn't match image D:\Get-High-2\1205\Map\Library\PackageCache\com.unity.visualscripting@1.7.8\Editor\VisualScripting.Core\Dependencies\DotNetZip\Unity.VisualScripting.IonicZip.dll
Native extension for WindowsStandalone target not found
Native extension for WebGL target not found
Refreshing native plugins compatible for Editor in 1.43 ms, found 3 plugins.
Preloading 0 native plugins for Editor in 0.00 ms.
Mono: successfully reloaded assembly
- Completed reload, in  2.030 seconds
Domain Reload Profiling:
	ReloadAssembly (2031ms)
		BeginReloadAssembly (266ms)
			ExecutionOrderSort (0ms)
			DisableScriptedObjects (8ms)
			BackupInstance (0ms)
			ReleaseScriptingObjects (0ms)
			CreateAndSetChildDomain (68ms)
		EndReloadAssembly (1542ms)
			LoadAssemblies (172ms)
			RebuildTransferFunctionScriptingTraits (0ms)
			SetupTypeCache (472ms)
			ReleaseScriptCaches (2ms)
			RebuildScriptCaches (72ms)
			SetupLoadedEditorAssemblies (779ms)
				LogAssemblyErrors (0ms)
				InitializePlatformSupportModulesInManaged (27ms)
				SetLoadedEditorAssemblies (1ms)
				RefreshPlugins (2ms)
				BeforeProcessingInitializeOnLoad (120ms)
				ProcessInitializeOnLoadAttributes (553ms)
				ProcessInitializeOnLoadMethodAttributes (51ms)
				AfterProcessingInitializeOnLoad (24ms)
				EditorAssembliesLoaded (0ms)
			ExecutionOrderSort2 (0ms)
			AwakeInstancesAfterBackupRestoration (12ms)
Platform modules already initialized, skipping
Refreshing native plugins compatible for Editor in 3.43 ms, found 3 plugins.
Preloading 0 native plugins for Editor in 0.00 ms.
Unloading 3906 Unused Serialized files (Serialized files now loaded: 0)
Unloading 22 unused Assets / (152.7 KB). Loaded Objects now: 4395.
Memory consumption went from 143.4 MB to 143.2 MB.
Total: 5.531400 ms (FindLiveObjects: 0.409400 ms CreateObjectMapping: 0.278500 ms MarkObjects: 4.690900 ms  DeleteObjects: 0.150500 ms)

AssetImportParameters requested are different than current active one (requested -> active):
  custom:video-decoder-ogg-theora: a1e56fd34408186e4bbccfd4996cb3dc -> 
  custom:container-muxer-webm: aa71ff27fc2769a1b78a27578f13a17b -> 
  custom:container-demuxer-webm: 4f35f7cbe854078d1ac9338744f61a02 -> 
  custom:video-encoder-webm-vp8: eb34c28f22e8b96e1ab97ce403110664 -> 
  custom:audio-encoder-webm-vorbis: bf7c407c2cedff20999df2af8eb42d56 -> 
  custom:framework-win-MediaFoundation: 216162199b28c13a410421893ffa2e32 -> 
  custom:container-demuxer-ogg: 62fdf1f143b41e24485cea50d1cbac27 -> 
  custom:video-decoder-webm-vp8: 9c59270c3fd7afecdb556c50c9e8de78 -> 
  custom:audio-decoder-ogg-vorbis: bf7c407c2cedff20999df2af8eb42d56 -> 
========================================================================
Received Prepare
Registering precompiled user dll's ...
Registered in 0.008558 seconds.
Begin MonoManager ReloadAssembly
Symbol file LoadedFromMemory doesn't match image D:\Get-High-2\1205\Map\Library\PackageCache\com.unity.visualscripting@1.7.8\Editor\VisualScripting.Core\Dependencies\YamlDotNet\Unity.VisualScripting.YamlDotNet.dll
Symbol file LoadedFromMemory doesn't match image D:\Get-High-2\1205\Map\Library\PackageCache\com.unity.visualscripting@1.7.8\Editor\VisualScripting.Core\Dependencies\DotNetZip\Unity.VisualScripting.IonicZip.dll
Native extension for WindowsStandalone target not found
Native extension for WebGL target not found
Refreshing native plugins compatible for Editor in 1.11 ms, found 3 plugins.
Preloading 0 native plugins for Editor in 0.00 ms.
Mono: successfully reloaded assembly
- Completed reload, in  2.262 seconds
Domain Reload Profiling:
	ReloadAssembly (2264ms)
		BeginReloadAssembly (243ms)
			ExecutionOrderSort (0ms)
			DisableScriptedObjects (8ms)
			BackupInstance (0ms)
			ReleaseScriptingObjects (0ms)
			CreateAndSetChildDomain (61ms)
		EndReloadAssembly (1829ms)
			LoadAssemblies (163ms)
			RebuildTransferFunctionScriptingTraits (0ms)
			SetupTypeCache (535ms)
			ReleaseScriptCaches (2ms)
			RebuildScriptCaches (71ms)
			SetupLoadedEditorAssemblies (962ms)
				LogAssemblyErrors (0ms)
				InitializePlatformSupportModulesInManaged (35ms)
				SetLoadedEditorAssemblies (1ms)
				RefreshPlugins (1ms)
				BeforeProcessingInitializeOnLoad (158ms)
				ProcessInitializeOnLoadAttributes (677ms)
				ProcessInitializeOnLoadMethodAttributes (61ms)
				AfterProcessingInitializeOnLoad (28ms)
				EditorAssembliesLoaded (0ms)
			ExecutionOrderSort2 (0ms)
			AwakeInstancesAfterBackupRestoration (17ms)
Platform modules already initialized, skipping
Refreshing native plugins compatible for Editor in 5.60 ms, found 3 plugins.
Preloading 0 native plugins for Editor in 0.00 ms.
Unloading 3906 Unused Serialized files (Serialized files now loaded: 0)
Unloading 22 unused Assets / (152.7 KB). Loaded Objects now: 4410.
Memory consumption went from 143.4 MB to 143.2 MB.
Total: 9.130200 ms (FindLiveObjects: 0.595400 ms CreateObjectMapping: 0.564500 ms MarkObjects: 7.670700 ms  DeleteObjects: 0.295800 ms)

AssetImportParameters requested are different than current active one (requested -> active):
  custom:video-decoder-ogg-theora: a1e56fd34408186e4bbccfd4996cb3dc -> 
  custom:container-muxer-webm: aa71ff27fc2769a1b78a27578f13a17b -> 
  custom:container-demuxer-webm: 4f35f7cbe854078d1ac9338744f61a02 -> 
  custom:video-encoder-webm-vp8: eb34c28f22e8b96e1ab97ce403110664 -> 
  custom:audio-encoder-webm-vorbis: bf7c407c2cedff20999df2af8eb42d56 -> 
  custom:framework-win-MediaFoundation: 216162199b28c13a410421893ffa2e32 -> 
  custom:container-demuxer-ogg: 62fdf1f143b41e24485cea50d1cbac27 -> 
  custom:video-decoder-webm-vp8: 9c59270c3fd7afecdb556c50c9e8de78 -> 
  custom:audio-decoder-ogg-vorbis: bf7c407c2cedff20999df2af8eb42d56 -> 
========================================================================
Received Import Request.
  Time since last request: 635.242667 seconds.
  path: Assets/Packages/Pool ball
  artifactKey: Guid(908580e222d9c26469d7f3a303bc3ec1) Importer(815301076,1909f56bfc062723c751e8b465ee728b)
Start importing Assets/Packages/Pool ball using Guid(908580e222d9c26469d7f3a303bc3ec1) Importer(815301076,1909f56bfc062723c751e8b465ee728b)  -> (artifact id: '54086bb12a032584334df24e45999883') in 0.016926 seconds 
========================================================================
Received Import Request.
  Time since last request: 14.355369 seconds.
  path: Assets/Packages/Pool ball/uploads_files_2816943_Pool-table.obj
  artifactKey: Guid(4e4544b9622f0ad45a0714927161e8d1) Importer(815301076,1909f56bfc062723c751e8b465ee728b)
Start importing Assets/Packages/Pool ball/uploads_files_2816943_Pool-table.obj using Guid(4e4544b9622f0ad45a0714927161e8d1) Importer(815301076,1909f56bfc062723c751e8b465ee728b)  -> (artifact id: '4b8631451aaa4341382e69a097b96c81') in 0.553848 seconds 
========================================================================
Received Import Request.
  Time since last request: 9.949490 seconds.
  path: Assets/Packages/Pool ball/uploads_files_2816943_Pool-table.FBX
  artifactKey: Guid(17f72b40ec9e6fd4dac41f3480511231) Importer(815301076,1909f56bfc062723c751e8b465ee728b)
Start importing Assets/Packages/Pool ball/uploads_files_2816943_Pool-table.FBX using Guid(17f72b40ec9e6fd4dac41f3480511231) Importer(815301076,1909f56bfc062723c751e8b465ee728b)  -> (artifact id: '04f5966bcfc8baeefed0f5ec1ec2a639') in 0.412624 seconds 
========================================================================
Received Import Request.
  Time since last request: 49.810014 seconds.
  path: Assets/Packages/Pool ball/cue1.bmp
  artifactKey: Guid(562cd04cec6ee0b4888151d135693677) Importer(815301076,1909f56bfc062723c751e8b465ee728b)
Start importing Assets/Packages/Pool ball/cue1.bmp using Guid(562cd04cec6ee0b4888151d135693677) Importer(815301076,1909f56bfc062723c751e8b465ee728b)  -> (artifact id: 'c70c48b150ed318767a48a2b58368690') in 0.233511 seconds 
========================================================================
Received Import Request.
  Time since last request: 97.438604 seconds.
  path: Assets/Packages/Pool ball/ball01.jpg
  artifactKey: Guid(80b5fee69a1ff3e4583f53cc92374da9) Importer(815301076,1909f56bfc062723c751e8b465ee728b)
Start importing Assets/Packages/Pool ball/ball01.jpg using Guid(80b5fee69a1ff3e4583f53cc92374da9) Importer(815301076,1909f56bfc062723c751e8b465ee728b)  -> (artifact id: 'e9b0cf2a324c875753fe4476fe22bf58') in 0.022010 seconds 
========================================================================
Received Import Request.
  Time since last request: 1.410625 seconds.
  path: Assets/Packages/Pool ball/ball02.jpg
  artifactKey: Guid(4be174defb2ce1044b101942274fd5e7) Importer(815301076,1909f56bfc062723c751e8b465ee728b)
Start importing Assets/Packages/Pool ball/ball02.jpg using Guid(4be174defb2ce1044b101942274fd5e7) Importer(815301076,1909f56bfc062723c751e8b465ee728b)  -> (artifact id: '34af0b74e47b017c20c7ce0cd189b0af') in 0.035652 seconds 
========================================================================
Received Import Request.
  Time since last request: 1.515183 seconds.
  path: Assets/Packages/Pool ball/ball08.jpg
  artifactKey: Guid(8f045bdc753651647a8083b3c80109d4) Importer(815301076,1909f56bfc062723c751e8b465ee728b)
Start importing Assets/Packages/Pool ball/ball08.jpg using Guid(8f045bdc753651647a8083b3c80109d4) Importer(815301076,1909f56bfc062723c751e8b465ee728b)  -> (artifact id: '4fd2251993f8a91fd2e429efd37dee03') in 0.013341 seconds 
========================================================================
Received Import Request.
  Time since last request: 0.329827 seconds.
  path: Assets/Packages/Pool ball/ball09.jpg
  artifactKey: Guid(d5afed0704b809c418da3210d4c259d7) Importer(815301076,1909f56bfc062723c751e8b465ee728b)
Start importing Assets/Packages/Pool ball/ball09.jpg using Guid(d5afed0704b809c418da3210d4c259d7) Importer(815301076,1909f56bfc062723c751e8b465ee728b)  -> (artifact id: 'f1b1150f53b5528329318d7ee7703947') in 0.013874 seconds 
========================================================================
Received Import Request.
  Time since last request: 303.023172 seconds.
  path: Assets/Packages/Pool ball/poool.obj
  artifactKey: Guid(2009aa0539811244889176158a64ace4) Importer(815301076,1909f56bfc062723c751e8b465ee728b)
Start importing Assets/Packages/Pool ball/poool.obj using Guid(2009aa0539811244889176158a64ace4) Importer(815301076,1909f56bfc062723c751e8b465ee728b)  -> (artifact id: '680cc2b6f43fd8311fd0c1f755ed373b') in 0.296366 seconds 
========================================================================
Received Import Request.
  Time since last request: 8.554582 seconds.
  path: Assets/Packages/Pool ball/uploads_files_2816943_Pool-table.FBX
  artifactKey: Guid(17f72b40ec9e6fd4dac41f3480511231) Importer(815301076,1909f56bfc062723c751e8b465ee728b)
Start importing Assets/Packages/Pool ball/uploads_files_2816943_Pool-table.FBX using Guid(17f72b40ec9e6fd4dac41f3480511231) Importer(815301076,1909f56bfc062723c751e8b465ee728b)  -> (artifact id: 'ae831693e740dee5d6f096b7d999258d') in 1.483698 seconds 
========================================================================
Received Import Request.
  Time since last request: 381.423536 seconds.
  path: Assets/Packages/Pool ball/bilardo.obj
  artifactKey: Guid(4b51fe6209a0be84694f2d073423e407) Importer(815301076,1909f56bfc062723c751e8b465ee728b)
Start importing Assets/Packages/Pool ball/bilardo.obj using Guid(4b51fe6209a0be84694f2d073423e407) Importer(815301076,1909f56bfc062723c751e8b465ee728b)  -> (artifact id: 'c7de32a1362978d84e5173b696028f80') in 0.112726 seconds 
========================================================================
Received Import Request.
  Time since last request: 43.818127 seconds.
  path: Assets/Packages/Pool ball/vmppmax_v4_9_4_7_d.jpg
  artifactKey: Guid(aaa36d17bc3c8cc44a680af2e9dffcea) Importer(815301076,1909f56bfc062723c751e8b465ee728b)
Start importing Assets/Packages/Pool ball/vmppmax_v4_9_4_7_d.jpg using Guid(aaa36d17bc3c8cc44a680af2e9dffcea) Importer(815301076,1909f56bfc062723c751e8b465ee728b)  -> (artifact id: '447bf7ae90a007e1e28b93e72f560a6c') in 0.037800 seconds 
========================================================================
Received Import Request.
  Time since last request: 402.456797 seconds.
  path: Assets/Materials/Pool ball
  artifactKey: Guid(750c09252947df543ad63694877d9f8a) Importer(815301076,1909f56bfc062723c751e8b465ee728b)
Start importing Assets/Materials/Pool ball using Guid(750c09252947df543ad63694877d9f8a) Importer(815301076,1909f56bfc062723c751e8b465ee728b)  -> (artifact id: '34c86017be638b3b37d5f680a0f58606') in 0.008651 seconds 
========================================================================
Received Import Request.
  Time since last request: 72.933072 seconds.
  path: Assets/Packages/Pool ball/ball03.jpg
  artifactKey: Guid(c77ea4d17b4f53a49820814fdc7b6cd2) Importer(815301076,1909f56bfc062723c751e8b465ee728b)
Start importing Assets/Packages/Pool ball/ball03.jpg using Guid(c77ea4d17b4f53a49820814fdc7b6cd2) Importer(815301076,1909f56bfc062723c751e8b465ee728b)  -> (artifact id: '8c5828cbd098b54fb3f848381c5c9f19') in 0.028933 seconds 
========================================================================
Received Import Request.
  Time since last request: 751.377429 seconds.
  path: Assets/Packages/HDRPFurniturePack/Dining_Chair
  artifactKey: Guid(b1229fe1710a5fd4284659ae424a945d) Importer(815301076,1909f56bfc062723c751e8b465ee728b)
Start importing Assets/Packages/HDRPFurniturePack/Dining_Chair using Guid(b1229fe1710a5fd4284659ae424a945d) Importer(815301076,1909f56bfc062723c751e8b465ee728b)  -> (artifact id: '30339dc5cc7a88f0931eff0f06747df9') in 0.090620 seconds 
========================================================================
Received Import Request.
  Time since last request: 5.358661 seconds.
  path: Assets/Packages/HDRPFurniturePack/Dining_Chair/Textures
  artifactKey: Guid(8b9dca6cd4dcf774b943f21668c5c132) Importer(815301076,1909f56bfc062723c751e8b465ee728b)
Start importing Assets/Packages/HDRPFurniturePack/Dining_Chair/Textures using Guid(8b9dca6cd4dcf774b943f21668c5c132) Importer(815301076,1909f56bfc062723c751e8b465ee728b)  -> (artifact id: '818313290cbb09fc1c41b28ee41864c9') in 0.010720 seconds 
========================================================================
Received Prepare
Registering precompiled user dll's ...
Registered in 0.006914 seconds.
Begin MonoManager ReloadAssembly
Symbol file LoadedFromMemory doesn't match image D:\Get-High-2\1205\Map\Library\PackageCache\com.unity.visualscripting@1.7.8\Editor\VisualScripting.Core\Dependencies\YamlDotNet\Unity.VisualScripting.YamlDotNet.dll
Symbol file LoadedFromMemory doesn't match image D:\Get-High-2\1205\Map\Library\PackageCache\com.unity.visualscripting@1.7.8\Editor\VisualScripting.Core\Dependencies\DotNetZip\Unity.VisualScripting.IonicZip.dll
Native extension for WindowsStandalone target not found
Native extension for WebGL target not found
Refreshing native plugins compatible for Editor in 1.21 ms, found 3 plugins.
Preloading 0 native plugins for Editor in 0.00 ms.
Mono: successfully reloaded assembly
- Completed reload, in  2.478 seconds
Domain Reload Profiling:
	ReloadAssembly (2480ms)
		BeginReloadAssembly (510ms)
			ExecutionOrderSort (0ms)
			DisableScriptedObjects (20ms)
			BackupInstance (0ms)
			ReleaseScriptingObjects (0ms)
			CreateAndSetChildDomain (226ms)
		EndReloadAssembly (1764ms)
			LoadAssemblies (211ms)
			RebuildTransferFunctionScriptingTraits (0ms)
			SetupTypeCache (613ms)
			ReleaseScriptCaches (2ms)
			RebuildScriptCaches (113ms)
			SetupLoadedEditorAssemblies (755ms)
				LogAssemblyErrors (0ms)
				InitializePlatformSupportModulesInManaged (28ms)
				SetLoadedEditorAssemblies (1ms)
				RefreshPlugins (1ms)
				BeforeProcessingInitializeOnLoad (132ms)
				ProcessInitializeOnLoadAttributes (523ms)
				ProcessInitializeOnLoadMethodAttributes (48ms)
				AfterProcessingInitializeOnLoad (20ms)
				EditorAssembliesLoaded (1ms)
			ExecutionOrderSort2 (0ms)
			AwakeInstancesAfterBackupRestoration (13ms)
Platform modules already initialized, skipping
Refreshing native plugins compatible for Editor in 2.43 ms, found 3 plugins.
Preloading 0 native plugins for Editor in 0.00 ms.
Unloading 3906 Unused Serialized files (Serialized files now loaded: 0)
Unloading 22 unused Assets / (152.7 KB). Loaded Objects now: 4465.
Memory consumption went from 144.0 MB to 143.9 MB.
Total: 58.001800 ms (FindLiveObjects: 0.358800 ms CreateObjectMapping: 0.197000 ms MarkObjects: 57.259800 ms  DeleteObjects: 0.185300 ms)

AssetImportParameters requested are different than current active one (requested -> active):
  custom:video-decoder-ogg-theora: a1e56fd34408186e4bbccfd4996cb3dc -> 
  custom:container-muxer-webm: aa71ff27fc2769a1b78a27578f13a17b -> 
  custom:container-demuxer-webm: 4f35f7cbe854078d1ac9338744f61a02 -> 
  custom:video-encoder-webm-vp8: eb34c28f22e8b96e1ab97ce403110664 -> 
  custom:audio-encoder-webm-vorbis: bf7c407c2cedff20999df2af8eb42d56 -> 
  custom:framework-win-MediaFoundation: 216162199b28c13a410421893ffa2e32 -> 
  custom:container-demuxer-ogg: 62fdf1f143b41e24485cea50d1cbac27 -> 
  custom:video-decoder-webm-vp8: 9c59270c3fd7afecdb556c50c9e8de78 -> 
  custom:audio-decoder-ogg-vorbis: bf7c407c2cedff20999df2af8eb42d56 -> 
========================================================================
Received Prepare
Registering precompiled user dll's ...
Registered in 0.010834 seconds.
Begin MonoManager ReloadAssembly
Symbol file LoadedFromMemory doesn't match image D:\Get-High-2\1205\Map\Library\PackageCache\com.unity.visualscripting@1.7.8\Editor\VisualScripting.Core\Dependencies\YamlDotNet\Unity.VisualScripting.YamlDotNet.dll
Symbol file LoadedFromMemory doesn't match image D:\Get-High-2\1205\Map\Library\PackageCache\com.unity.visualscripting@1.7.8\Editor\VisualScripting.Core\Dependencies\DotNetZip\Unity.VisualScripting.IonicZip.dll
Native extension for WindowsStandalone target not found
Native extension for WebGL target not found
Refreshing native plugins compatible for Editor in 1.54 ms, found 3 plugins.
Preloading 0 native plugins for Editor in 0.00 ms.
Mono: successfully reloaded assembly
- Completed reload, in  1.906 seconds
Domain Reload Profiling:
	ReloadAssembly (1907ms)
		BeginReloadAssembly (183ms)
			ExecutionOrderSort (0ms)
			DisableScriptedObjects (5ms)
			BackupInstance (0ms)
			ReleaseScriptingObjects (0ms)
			CreateAndSetChildDomain (50ms)
		EndReloadAssembly (1513ms)
			LoadAssemblies (125ms)
			RebuildTransferFunctionScriptingTraits (0ms)
			SetupTypeCache (476ms)
			ReleaseScriptCaches (2ms)
			RebuildScriptCaches (87ms)
			SetupLoadedEditorAssemblies (742ms)
				LogAssemblyErrors (0ms)
				InitializePlatformSupportModulesInManaged (30ms)
				SetLoadedEditorAssemblies (1ms)
				RefreshPlugins (2ms)
				BeforeProcessingInitializeOnLoad (126ms)
				ProcessInitializeOnLoadAttributes (507ms)
				ProcessInitializeOnLoadMethodAttributes (54ms)
				AfterProcessingInitializeOnLoad (22ms)
				EditorAssembliesLoaded (0ms)
			ExecutionOrderSort2 (0ms)
			AwakeInstancesAfterBackupRestoration (11ms)
Platform modules already initialized, skipping
Refreshing native plugins compatible for Editor in 2.46 ms, found 3 plugins.
Preloading 0 native plugins for Editor in 0.00 ms.
Unloading 3906 Unused Serialized files (Serialized files now loaded: 0)
Unloading 22 unused Assets / (152.5 KB). Loaded Objects now: 4480.
Memory consumption went from 144.0 MB to 143.9 MB.
Total: 4.293600 ms (FindLiveObjects: 0.422400 ms CreateObjectMapping: 0.445500 ms MarkObjects: 3.289500 ms  DeleteObjects: 0.135000 ms)

AssetImportParameters requested are different than current active one (requested -> active):
  custom:video-decoder-ogg-theora: a1e56fd34408186e4bbccfd4996cb3dc -> 
  custom:container-muxer-webm: aa71ff27fc2769a1b78a27578f13a17b -> 
  custom:container-demuxer-webm: 4f35f7cbe854078d1ac9338744f61a02 -> 
  custom:video-encoder-webm-vp8: eb34c28f22e8b96e1ab97ce403110664 -> 
  custom:audio-encoder-webm-vorbis: bf7c407c2cedff20999df2af8eb42d56 -> 
  custom:framework-win-MediaFoundation: 216162199b28c13a410421893ffa2e32 -> 
  custom:container-demuxer-ogg: 62fdf1f143b41e24485cea50d1cbac27 -> 
  custom:video-decoder-webm-vp8: 9c59270c3fd7afecdb556c50c9e8de78 -> 
  custom:audio-decoder-ogg-vorbis: bf7c407c2cedff20999df2af8eb42d56 -> 
========================================================================
Received Prepare
Registering precompiled user dll's ...
Registered in 0.008689 seconds.
Begin MonoManager ReloadAssembly
Symbol file LoadedFromMemory doesn't match image D:\Get-High-2\1205\Map\Library\PackageCache\com.unity.visualscripting@1.7.8\Editor\VisualScripting.Core\Dependencies\YamlDotNet\Unity.VisualScripting.YamlDotNet.dll
Symbol file LoadedFromMemory doesn't match image D:\Get-High-2\1205\Map\Library\PackageCache\com.unity.visualscripting@1.7.8\Editor\VisualScripting.Core\Dependencies\DotNetZip\Unity.VisualScripting.IonicZip.dll
Native extension for WindowsStandalone target not found
Native extension for WebGL target not found
Refreshing native plugins compatible for Editor in 1.19 ms, found 3 plugins.
Preloading 0 native plugins for Editor in 0.00 ms.
Mono: successfully reloaded assembly
- Completed reload, in  1.829 seconds
Domain Reload Profiling:
	ReloadAssembly (1829ms)
		BeginReloadAssembly (218ms)
			ExecutionOrderSort (0ms)
			DisableScriptedObjects (7ms)
			BackupInstance (0ms)
			ReleaseScriptingObjects (0ms)
			CreateAndSetChildDomain (53ms)
		EndReloadAssembly (1457ms)
			LoadAssemblies (147ms)
			RebuildTransferFunctionScriptingTraits (0ms)
			SetupTypeCache (474ms)
			ReleaseScriptCaches (2ms)
			RebuildScriptCaches (78ms)
			SetupLoadedEditorAssemblies (704ms)
				LogAssemblyErrors (0ms)
				InitializePlatformSupportModulesInManaged (24ms)
				SetLoadedEditorAssemblies (1ms)
				RefreshPlugins (1ms)
				BeforeProcessingInitializeOnLoad (119ms)
				ProcessInitializeOnLoadAttributes (499ms)
				ProcessInitializeOnLoadMethodAttributes (42ms)
				AfterProcessingInitializeOnLoad (18ms)
				EditorAssembliesLoaded (0ms)
			ExecutionOrderSort2 (0ms)
			AwakeInstancesAfterBackupRestoration (8ms)
Platform modules already initialized, skipping
Refreshing native plugins compatible for Editor in 10.52 ms, found 3 plugins.
Preloading 0 native plugins for Editor in 0.00 ms.
Unloading 3906 Unused Serialized files (Serialized files now loaded: 0)
Unloading 22 unused Assets / (152.6 KB). Loaded Objects now: 4495.
Memory consumption went from 144.0 MB to 143.9 MB.
Total: 4.037300 ms (FindLiveObjects: 0.634000 ms CreateObjectMapping: 0.413400 ms MarkObjects: 2.865100 ms  DeleteObjects: 0.123500 ms)

AssetImportParameters requested are different than current active one (requested -> active):
  custom:video-decoder-ogg-theora: a1e56fd34408186e4bbccfd4996cb3dc -> 
  custom:container-muxer-webm: aa71ff27fc2769a1b78a27578f13a17b -> 
  custom:container-demuxer-webm: 4f35f7cbe854078d1ac9338744f61a02 -> 
  custom:video-encoder-webm-vp8: eb34c28f22e8b96e1ab97ce403110664 -> 
  custom:audio-encoder-webm-vorbis: bf7c407c2cedff20999df2af8eb42d56 -> 
  custom:framework-win-MediaFoundation: 216162199b28c13a410421893ffa2e32 -> 
  custom:container-demuxer-ogg: 62fdf1f143b41e24485cea50d1cbac27 -> 
  custom:video-decoder-webm-vp8: 9c59270c3fd7afecdb556c50c9e8de78 -> 
  custom:audio-decoder-ogg-vorbis: bf7c407c2cedff20999df2af8eb42d56 -> 
========================================================================
Received Prepare
Registering precompiled user dll's ...
Registered in 0.004832 seconds.
Begin MonoManager ReloadAssembly
Symbol file LoadedFromMemory doesn't match image D:\Get-High-2\1205\Map\Library\PackageCache\com.unity.visualscripting@1.7.8\Editor\VisualScripting.Core\Dependencies\YamlDotNet\Unity.VisualScripting.YamlDotNet.dll
Symbol file LoadedFromMemory doesn't match image D:\Get-High-2\1205\Map\Library\PackageCache\com.unity.visualscripting@1.7.8\Editor\VisualScripting.Core\Dependencies\DotNetZip\Unity.VisualScripting.IonicZip.dll
Native extension for WindowsStandalone target not found
Native extension for WebGL target not found
Refreshing native plugins compatible for Editor in 0.72 ms, found 3 plugins.
Preloading 0 native plugins for Editor in 0.00 ms.
Mono: successfully reloaded assembly
- Completed reload, in  1.559 seconds
Domain Reload Profiling:
	ReloadAssembly (1560ms)
		BeginReloadAssembly (173ms)
			ExecutionOrderSort (0ms)
			DisableScriptedObjects (8ms)
			BackupInstance (0ms)
			ReleaseScriptingObjects (0ms)
			CreateAndSetChildDomain (44ms)
		EndReloadAssembly (1277ms)
			LoadAssemblies (312ms)
			RebuildTransferFunctionScriptingTraits (0ms)
			SetupTypeCache (372ms)
			ReleaseScriptCaches (3ms)
			RebuildScriptCaches (45ms)
			SetupLoadedEditorAssemblies (471ms)
				LogAssemblyErrors (0ms)
				InitializePlatformSupportModulesInManaged (18ms)
				SetLoadedEditorAssemblies (0ms)
				RefreshPlugins (1ms)
				BeforeProcessingInitializeOnLoad (79ms)
				ProcessInitializeOnLoadAttributes (330ms)
				ProcessInitializeOnLoadMethodAttributes (27ms)
				AfterProcessingInitializeOnLoad (16ms)
				EditorAssembliesLoaded (0ms)
			ExecutionOrderSort2 (0ms)
			AwakeInstancesAfterBackupRestoration (6ms)
Platform modules already initialized, skipping
Refreshing native plugins compatible for Editor in 2.50 ms, found 3 plugins.
Preloading 0 native plugins for Editor in 0.00 ms.
Unloading 3907 Unused Serialized files (Serialized files now loaded: 0)
Unloading 22 unused Assets / (152.3 KB). Loaded Objects now: 4511.
Memory consumption went from 144.1 MB to 144.0 MB.
Total: 4.591800 ms (FindLiveObjects: 0.473700 ms CreateObjectMapping: 0.315700 ms MarkObjects: 3.662100 ms  DeleteObjects: 0.139300 ms)

AssetImportParameters requested are different than current active one (requested -> active):
  custom:video-decoder-ogg-theora: a1e56fd34408186e4bbccfd4996cb3dc -> 
  custom:container-muxer-webm: aa71ff27fc2769a1b78a27578f13a17b -> 
  custom:container-demuxer-webm: 4f35f7cbe854078d1ac9338744f61a02 -> 
  custom:video-encoder-webm-vp8: eb34c28f22e8b96e1ab97ce403110664 -> 
  custom:audio-encoder-webm-vorbis: bf7c407c2cedff20999df2af8eb42d56 -> 
  custom:framework-win-MediaFoundation: 216162199b28c13a410421893ffa2e32 -> 
  custom:container-demuxer-ogg: 62fdf1f143b41e24485cea50d1cbac27 -> 
  custom:video-decoder-webm-vp8: 9c59270c3fd7afecdb556c50c9e8de78 -> 
  custom:audio-decoder-ogg-vorbis: bf7c407c2cedff20999df2af8eb42d56 -> 
========================================================================
Received Import Request.
  Time since last request: 1514.690027 seconds.
  path: Assets/Packages/stage
  artifactKey: Guid(f9ae47dbdb3141143839174160de0074) Importer(815301076,1909f56bfc062723c751e8b465ee728b)
Start importing Assets/Packages/stage using Guid(f9ae47dbdb3141143839174160de0074) Importer(815301076,1909f56bfc062723c751e8b465ee728b)  -> (artifact id: 'faeeefde9617efea6dd7ef895d268495') in 0.041201 seconds 
========================================================================
Received Import Request.
  Time since last request: 14.575438 seconds.
  path: Assets/Packages/stage/stageobj.obj
  artifactKey: Guid(4637e005f12aacf4f843f78fb41dd31e) Importer(815301076,1909f56bfc062723c751e8b465ee728b)
Start importing Assets/Packages/stage/stageobj.obj using Guid(4637e005f12aacf4f843f78fb41dd31e) Importer(815301076,1909f56bfc062723c751e8b465ee728b)  -> (artifact id: 'bc2a93ef13018c83924d51b6a7348dd2') in 0.566835 seconds 
========================================================================
Received Import Request.
  Time since last request: 1.031853 seconds.
  path: Assets/Packages/stage/stage simple.dae
  artifactKey: Guid(a7e496a5cfd0eaf4c937582fa3f84fe4) Importer(815301076,1909f56bfc062723c751e8b465ee728b)
Start importing Assets/Packages/stage/stage simple.dae using Guid(a7e496a5cfd0eaf4c937582fa3f84fe4) Importer(815301076,1909f56bfc062723c751e8b465ee728b)  -> (artifact id: 'd712a64789d4d6348ee098c175deddfb') in 0.071698 seconds 
========================================================================
Received Import Request.
  Time since last request: 309.897152 seconds.
  path: Assets/Packages/stage/stage difuse.jpg
  artifactKey: Guid(e4716ef7c2fe54c40a8cf650442c4c0b) Importer(815301076,1909f56bfc062723c751e8b465ee728b)
Start importing Assets/Packages/stage/stage difuse.jpg using Guid(e4716ef7c2fe54c40a8cf650442c4c0b) Importer(815301076,1909f56bfc062723c751e8b465ee728b)  -> (artifact id: '478f25d9f5e5a6af6d1b48d5f26d5905') in 0.065030 seconds 
========================================================================
Received Import Request.
  Time since last request: 3.956874 seconds.
  path: Assets/Packages/stage/stage AO.jpg
  artifactKey: Guid(3f0ba508f7a8f284380b91c643f060d8) Importer(815301076,1909f56bfc062723c751e8b465ee728b)
Start importing Assets/Packages/stage/stage AO.jpg using Guid(3f0ba508f7a8f284380b91c643f060d8) Importer(815301076,1909f56bfc062723c751e8b465ee728b)  -> (artifact id: '01623f73b42706b954950d2cdb7ce91d') in 0.083424 seconds 
========================================================================
Received Import Request.
  Time since last request: 387.417827 seconds.
  path: Assets/Record_player/Prefabs/record_player.prefab
  artifactKey: Guid(bbb29c575e92ab64eb62ee335dc6f563) Importer(815301076,1909f56bfc062723c751e8b465ee728b)
Start importing Assets/Record_player/Prefabs/record_player.prefab using Guid(bbb29c575e92ab64eb62ee335dc6f563) Importer(815301076,1909f56bfc062723c751e8b465ee728b)  -> (artifact id: 'aa996ed7e4a409831d2a165f994622b8') in 0.052446 seconds 
========================================================================
Received Import Request.
  Time since last request: 3.426888 seconds.
  path: Assets/Record_player
  artifactKey: Guid(2c1de27b76e7a95408a79e3a419a6baa) Importer(815301076,1909f56bfc062723c751e8b465ee728b)
Start importing Assets/Record_player using Guid(2c1de27b76e7a95408a79e3a419a6baa) Importer(815301076,1909f56bfc062723c751e8b465ee728b)  -> (artifact id: 'ec8fd4958d6865aa2641f52bcb89e707') in 0.015233 seconds 
========================================================================
Received Prepare
Registering precompiled user dll's ...
Registered in 0.010852 seconds.
Begin MonoManager ReloadAssembly
Symbol file LoadedFromMemory doesn't match image D:\Get-High-2\1205\Map\Library\PackageCache\com.unity.visualscripting@1.7.8\Editor\VisualScripting.Core\Dependencies\YamlDotNet\Unity.VisualScripting.YamlDotNet.dll
Symbol file LoadedFromMemory doesn't match image D:\Get-High-2\1205\Map\Library\PackageCache\com.unity.visualscripting@1.7.8\Editor\VisualScripting.Core\Dependencies\DotNetZip\Unity.VisualScripting.IonicZip.dll
Native extension for WindowsStandalone target not found
Native extension for WebGL target not found
Refreshing native plugins compatible for Editor in 1.09 ms, found 3 plugins.
Preloading 0 native plugins for Editor in 0.00 ms.
Mono: successfully reloaded assembly
- Completed reload, in  2.310 seconds
Domain Reload Profiling:
	ReloadAssembly (2311ms)
		BeginReloadAssembly (269ms)
			ExecutionOrderSort (0ms)
			DisableScriptedObjects (11ms)
			BackupInstance (0ms)
			ReleaseScriptingObjects (0ms)
			CreateAndSetChildDomain (67ms)
		EndReloadAssembly (1832ms)
			LoadAssemblies (189ms)
			RebuildTransferFunctionScriptingTraits (0ms)
			SetupTypeCache (662ms)
			ReleaseScriptCaches (2ms)
			RebuildScriptCaches (79ms)
			SetupLoadedEditorAssemblies (805ms)
				LogAssemblyErrors (0ms)
				InitializePlatformSupportModulesInManaged (34ms)
				SetLoadedEditorAssemblies (1ms)
				RefreshPlugins (1ms)
				BeforeProcessingInitializeOnLoad (146ms)
				ProcessInitializeOnLoadAttributes (543ms)
				ProcessInitializeOnLoadMethodAttributes (55ms)
				AfterProcessingInitializeOnLoad (25ms)
				EditorAssembliesLoaded (0ms)
			ExecutionOrderSort2 (0ms)
			AwakeInstancesAfterBackupRestoration (12ms)
Platform modules already initialized, skipping
Refreshing native plugins compatible for Editor in 2.84 ms, found 3 plugins.
Preloading 0 native plugins for Editor in 0.00 ms.
Unloading 3907 Unused Serialized files (Serialized files now loaded: 0)
Unloading 22 unused Assets / (152.4 KB). Loaded Objects now: 4526.
Memory consumption went from 144.7 MB to 144.5 MB.
Total: 5.037700 ms (FindLiveObjects: 0.407000 ms CreateObjectMapping: 0.267400 ms MarkObjects: 4.225200 ms  DeleteObjects: 0.137100 ms)

AssetImportParameters requested are different than current active one (requested -> active):
  custom:video-decoder-ogg-theora: a1e56fd34408186e4bbccfd4996cb3dc -> 
  custom:container-muxer-webm: aa71ff27fc2769a1b78a27578f13a17b -> 
  custom:container-demuxer-webm: 4f35f7cbe854078d1ac9338744f61a02 -> 
  custom:video-encoder-webm-vp8: eb34c28f22e8b96e1ab97ce403110664 -> 
  custom:audio-encoder-webm-vorbis: bf7c407c2cedff20999df2af8eb42d56 -> 
  custom:framework-win-MediaFoundation: 216162199b28c13a410421893ffa2e32 -> 
  custom:container-demuxer-ogg: 62fdf1f143b41e24485cea50d1cbac27 -> 
  custom:video-decoder-webm-vp8: 9c59270c3fd7afecdb556c50c9e8de78 -> 
  custom:audio-decoder-ogg-vorbis: bf7c407c2cedff20999df2af8eb42d56 -> 
========================================================================
Received Import Request.
  Time since last request: 25.240553 seconds.
  path: Assets/Packages/Old_Radio
  artifactKey: Guid(7ac205dbaead4a7439f85ca6eadc5902) Importer(815301076,1909f56bfc062723c751e8b465ee728b)
Start importing Assets/Packages/Old_Radio using Guid(7ac205dbaead4a7439f85ca6eadc5902) Importer(815301076,1909f56bfc062723c751e8b465ee728b)  -> (artifact id: '1030eb3d3ffd15228edfafcc51f13805') in 0.278522 seconds 
========================================================================
Received Import Request.
  Time since last request: 2.327298 seconds.
  path: Assets/Packages/Jukebox03
  artifactKey: Guid(b9226ffd832e0c74aabdbc17c507ee27) Importer(815301076,1909f56bfc062723c751e8b465ee728b)
Start importing Assets/Packages/Jukebox03 using Guid(b9226ffd832e0c74aabdbc17c507ee27) Importer(815301076,1909f56bfc062723c751e8b465ee728b)  -> (artifact id: '6acdd40a46e079670417f2d84501e274') in 0.006542 seconds 
========================================================================
Received Import Request.
  Time since last request: 2.041162 seconds.
  path: Assets/Packages/JukeBox
  artifactKey: Guid(862e1ab73b337b549a11406c7c1c7e14) Importer(815301076,1909f56bfc062723c751e8b465ee728b)
Start importing Assets/Packages/JukeBox using Guid(862e1ab73b337b549a11406c7c1c7e14) Importer(815301076,1909f56bfc062723c751e8b465ee728b)  -> (artifact id: '578d9116cddc9a50819c1e9797e175ee') in 0.009531 seconds 
========================================================================
Received Import Request.
  Time since last request: 3.612056 seconds.
  path: Assets/Packages/Barrels_free
  artifactKey: Guid(4620bc4ba2bd7e8488573b28c274420e) Importer(815301076,1909f56bfc062723c751e8b465ee728b)
Start importing Assets/Packages/Barrels_free using Guid(4620bc4ba2bd7e8488573b28c274420e) Importer(815301076,1909f56bfc062723c751e8b465ee728b)  -> (artifact id: 'ea77226ff782b887d27f73c9fa7e98b4') in 0.009443 seconds 
========================================================================
Received Import Request.
  Time since last request: 4.587782 seconds.
  path: Assets/Packages/Chair
  artifactKey: Guid(dd4d45d523aa5534eac27d70a30e4cdb) Importer(815301076,1909f56bfc062723c751e8b465ee728b)
Start importing Assets/Packages/Chair using Guid(dd4d45d523aa5534eac27d70a30e4cdb) Importer(815301076,1909f56bfc062723c751e8b465ee728b)  -> (artifact id: '4557dffd1d66d5d89ebda02244653a6f') in 0.014361 seconds 
========================================================================
Received Import Request.
  Time since last request: 43.957394 seconds.
  path: Assets/Packages/Old_Radio/Prefab
  artifactKey: Guid(28c115b5b0a165a4ab2f9cf3887dab01) Importer(815301076,1909f56bfc062723c751e8b465ee728b)
Start importing Assets/Packages/Old_Radio/Prefab using Guid(28c115b5b0a165a4ab2f9cf3887dab01) Importer(815301076,1909f56bfc062723c751e8b465ee728b)  -> (artifact id: '505047126d995b90d000ffd9240b94dd') in 0.014216 seconds 
========================================================================
Received Import Request.
  Time since last request: 0.969626 seconds.
  path: Assets/Packages/Old_Radio/Prefab/Radio.prefab
  artifactKey: Guid(a7dbdd508737b0d49b444c4263d812f1) Importer(815301076,1909f56bfc062723c751e8b465ee728b)
Start importing Assets/Packages/Old_Radio/Prefab/Radio.prefab using Guid(a7dbdd508737b0d49b444c4263d812f1) Importer(815301076,1909f56bfc062723c751e8b465ee728b)  -> (artifact id: '72081f45cacd9e7fef6ac3df7595ab04') in 1.784627 seconds 
========================================================================
Received Import Request.
  Time since last request: 23.283896 seconds.
  path: Assets/Packages/Models
  artifactKey: Guid(9e6b620a09537d346a9eab623f2eafaf) Importer(815301076,1909f56bfc062723c751e8b465ee728b)
Start importing Assets/Packages/Models using Guid(9e6b620a09537d346a9eab623f2eafaf) Importer(815301076,1909f56bfc062723c751e8b465ee728b)  -> (artifact id: 'd86b7d37bbcb7ed4d35e7a21542845f6') in 0.007295 seconds 
========================================================================
Received Import Request.
  Time since last request: 1.468244 seconds.
  path: Assets/Packages/Models/AmpFBX.fbx
  artifactKey: Guid(9fb6a96fd2d6f734393fdc3cdedbba7b) Importer(815301076,1909f56bfc062723c751e8b465ee728b)
Start importing Assets/Packages/Models/AmpFBX.fbx using Guid(9fb6a96fd2d6f734393fdc3cdedbba7b) Importer(815301076,1909f56bfc062723c751e8b465ee728b)  -> (artifact id: 'e6a36124f1161dd00546c2ba095c64e7') in 0.972394 seconds 
========================================================================
Received Import Request.
  Time since last request: 1.243442 seconds.
  path: Assets/Packages/Models/GuitarFBX.fbx
  artifactKey: Guid(15a2806138ed87a45afede16ec9ca99f) Importer(815301076,1909f56bfc062723c751e8b465ee728b)
Start importing Assets/Packages/Models/GuitarFBX.fbx using Guid(15a2806138ed87a45afede16ec9ca99f) Importer(815301076,1909f56bfc062723c751e8b465ee728b)  -> (artifact id: 'fc32c8510feb3b16ce1f5c1ec92cefdc') in 0.163399 seconds 
========================================================================
Received Import Request.
  Time since last request: 6.916083 seconds.
  path: Assets/Textures/AmpTGA.tga
  artifactKey: Guid(7c069af8ce84c64448a462fb2bfcf971) Importer(815301076,1909f56bfc062723c751e8b465ee728b)
Start importing Assets/Textures/AmpTGA.tga using Guid(7c069af8ce84c64448a462fb2bfcf971) Importer(815301076,1909f56bfc062723c751e8b465ee728b)  -> (artifact id: 'c2b5c7255a5efbbd5a5e4190735ecdd1') in 0.179807 seconds 
========================================================================
Received Import Request.
  Time since last request: 1.749699 seconds.
  path: Assets/Textures/Guitar.psd
  artifactKey: Guid(006138a1368131a4cb00eba5cb2a0fc8) Importer(815301076,1909f56bfc062723c751e8b465ee728b)
Start importing Assets/Textures/Guitar.psd using Guid(006138a1368131a4cb00eba5cb2a0fc8) Importer(815301076,1909f56bfc062723c751e8b465ee728b)  -> (artifact id: 'fdda505b79122aef9fce3d66956faf33') in 0.022975 seconds 
========================================================================
Received Import Request.
  Time since last request: 774.213902 seconds.
  path: Assets/Packages/Chair/Prefabs/Sofa.prefab
  artifactKey: Guid(e53670b0005af734e8bcf274ca4660de) Importer(815301076,1909f56bfc062723c751e8b465ee728b)
Start importing Assets/Packages/Chair/Prefabs/Sofa.prefab using Guid(e53670b0005af734e8bcf274ca4660de) Importer(815301076,1909f56bfc062723c751e8b465ee728b)  -> (artifact id: 'dd727680abf11b09377da468a48476a8') in 1.215928 seconds 
========================================================================
Received Import Request.
  Time since last request: 184.942115 seconds.
  path: Assets/Packages/JukeBox/JukeBox_Model
  artifactKey: Guid(58c188fa9507bc64eb7f9fc413484b98) Importer(815301076,1909f56bfc062723c751e8b465ee728b)
Start importing Assets/Packages/JukeBox/JukeBox_Model using Guid(58c188fa9507bc64eb7f9fc413484b98) Importer(815301076,1909f56bfc062723c751e8b465ee728b)  -> (artifact id: '1932353daea9dd8922ea06cc6b51d59d') in 0.008721 seconds 
========================================================================
Received Import Request.
  Time since last request: 2.584240 seconds.
  path: Assets/Packages/JukeBox/prefab/JukeBox_Model.prefab
  artifactKey: Guid(cdb86728281605546bb4352f8fa1be29) Importer(815301076,1909f56bfc062723c751e8b465ee728b)
Start importing Assets/Packages/JukeBox/prefab/JukeBox_Model.prefab using Guid(cdb86728281605546bb4352f8fa1be29) Importer(815301076,1909f56bfc062723c751e8b465ee728b)  -> (artifact id: 'ef66a1084aa9cbe64d3c8c869feaba3f') in 0.262946 seconds 
========================================================================
Received Import Request.
  Time since last request: 5.623573 seconds.
  path: Assets/Packages/Jukebox03/Prefabs/Jukebox03.prefab
  artifactKey: Guid(554340206fdbb1d4c8dd754d9573f62b) Importer(815301076,1909f56bfc062723c751e8b465ee728b)
Start importing Assets/Packages/Jukebox03/Prefabs/Jukebox03.prefab using Guid(554340206fdbb1d4c8dd754d9573f62b) Importer(815301076,1909f56bfc062723c751e8b465ee728b)  -> (artifact id: 'b8a2b251bfdb65cf69cc4648dfabca81') in 1.293308 seconds 
========================================================================
Received Import Request.
  Time since last request: 481.323801 seconds.
  path: Assets/Packages/Models/uploads_files_3168876_Mic+Stand++Mic.obj
  artifactKey: Guid(ad725ce2a884afe40b75674f70c7603e) Importer(815301076,1909f56bfc062723c751e8b465ee728b)
Start importing Assets/Packages/Models/uploads_files_3168876_Mic+Stand++Mic.obj using Guid(ad725ce2a884afe40b75674f70c7603e) Importer(815301076,1909f56bfc062723c751e8b465ee728b)  -> (artifact id: '5eb2411632b06dbaadc5c81450239851') in 0.148124 seconds 
========================================================================
Received Import Request.
  Time since last request: 1660.069246 seconds.
  path: Assets/Packages/Bar
  artifactKey: Guid(6c5cf2ee1c7574b4ca33ef708a3eadea) Importer(815301076,1909f56bfc062723c751e8b465ee728b)
Start importing Assets/Packages/Bar using Guid(6c5cf2ee1c7574b4ca33ef708a3eadea) Importer(815301076,1909f56bfc062723c751e8b465ee728b)  -> (artifact id: '14a4a9cb2e5fc049b6be6ac737438220') in 0.008297 seconds 
========================================================================
Received Import Request.
  Time since last request: 12.778715 seconds.
  path: Assets/Packages/Bar/table.obj
  artifactKey: Guid(7155a174d35dcd04db155299bb06617f) Importer(815301076,1909f56bfc062723c751e8b465ee728b)
Start importing Assets/Packages/Bar/table.obj using Guid(7155a174d35dcd04db155299bb06617f) Importer(815301076,1909f56bfc062723c751e8b465ee728b)  -> (artifact id: '11ce5d34194b447c0a97f4b088cbb2b2') in 1.588633 seconds 
========================================================================
Received Import Request.
  Time since last request: 279.556922 seconds.
  path: Assets/Packages/Bar/Wood_027_basecolor.jpg
  artifactKey: Guid(f0a2e76fffd15bc4ab241cbf161b66f8) Importer(815301076,1909f56bfc062723c751e8b465ee728b)
Start importing Assets/Packages/Bar/Wood_027_basecolor.jpg using Guid(f0a2e76fffd15bc4ab241cbf161b66f8) Importer(815301076,1909f56bfc062723c751e8b465ee728b)  -> (artifact id: '95e34a795a3342dbe26b07e78e59233a') in 0.032168 seconds 
========================================================================
Received Import Request.
  Time since last request: 16.527233 seconds.
  path: Assets/Packages/Bar/Metal_006_roughness.jpg
  artifactKey: Guid(9292843e3f4574440a6096523f795bce) Importer(815301076,1909f56bfc062723c751e8b465ee728b)
Start importing Assets/Packages/Bar/Metal_006_roughness.jpg using Guid(9292843e3f4574440a6096523f795bce) Importer(815301076,1909f56bfc062723c751e8b465ee728b)  -> (artifact id: '9af2e6c3dc530b08097c4441efbcf2ba') in 0.016556 seconds 
========================================================================
Received Import Request.
  Time since last request: 13.088601 seconds.
  path: Assets/Packages/Bar/Leather_011_roughness.jpg
  artifactKey: Guid(01514fac326c4144589923dca0be7766) Importer(815301076,1909f56bfc062723c751e8b465ee728b)
Start importing Assets/Packages/Bar/Leather_011_roughness.jpg using Guid(01514fac326c4144589923dca0be7766) Importer(815301076,1909f56bfc062723c751e8b465ee728b)  -> (artifact id: 'bbec88a42866af4f33c5e0e6353a8abe') in 0.239624 seconds 
